\BOOKMARK [0][-]{section*.1}{\376\377\000C\000o\000n\000t\000e\000n\000t\000s}{}% 1
\BOOKMARK [0][-]{chapter.1}{\376\377\000J\000o\000h\000a\000n\000\040\000\050\000S\000e\000p\000\040\0002\0004\000\051\000:\000\040\000S\000c\000h\000l\000e\000s\000s\000i\000n\000g\000e\000r\000'\000s\000\040\000p\000a\000p\000e\000r}{}% 2
\BOOKMARK [0][-]{chapter.2}{\376\377\000I\000v\000a\000n\000\040\000a\000n\000d\000\040\000C\000a\000i\000l\000a\000n\000\040\000\050\000O\000c\000t\000\040\0001\000\051\000:\000\040\000D\000e\000f\000o\000r\000m\000a\000t\000i\000o\000n\000s\000\040\000o\000f\000\040\000s\000c\000h\000e\000m\000e\000s}{}% 3
\BOOKMARK [1][-]{section.2.1}{\376\377\000D\000e\000f\000o\000r\000m\000a\000t\000i\000o\000n\000s\000\040\000o\000f\000\040\000a\000f\000f\000i\000n\000e\000\040\000s\000c\000h\000e\000m\000e\000s}{chapter.2}% 4
\BOOKMARK [1][-]{section.2.2}{\376\377\000D\000e\000f\000o\000r\000m\000a\000t\000i\000o\000n\000s\000\040\000o\000f\000\040\000s\000c\000h\000e\000m\000e\000s}{chapter.2}% 5
\BOOKMARK [0][-]{chapter.3}{\376\377\000K\000e\000v\000i\000n\000\040\000\050\000O\000c\000t\000\040\0000\0008\000\051\000:\000\040\000D\000e\000f\000o\000r\000m\000a\000t\000i\000o\000n\000s\000\040\000o\000f\000\040\000c\000o\000h\000e\000r\000e\000n\000t\000\040\000s\000h\000e\000a\000v\000e\000s}{}% 6
\BOOKMARK [1][-]{section.3.1}{\376\377\000T\000a\000n\000g\000e\000n\000t\000-\000o\000b\000s\000t\000r\000u\000c\000t\000i\000o\000n\000\040\000t\000h\000e\000o\000r\000y}{chapter.3}% 7
\BOOKMARK [0][-]{chapter.4}{\376\377\000P\000a\000t\000r\000i\000c\000k\000\040\000\050\000O\000c\000t\000\040\0001\0005\000\051\000:\000\040\000D\000e\000f\000o\000r\000m\000a\000t\000i\000o\000n\000s\000\040\000o\000f\000\040\000s\000i\000n\000g\000u\000l\000a\000r\000i\000t\000i\000e\000s}{}% 8
\BOOKMARK [1][-]{section.4.1}{\376\377\000E\000x\000p\000l\000i\000c\000i\000t\000\040\000c\000r\000i\000t\000e\000r\000i\000a\000\040\000f\000o\000r\000\040\000f\000l\000a\000t\000n\000e\000s\000s}{chapter.4}% 9
\BOOKMARK [1][-]{section.4.2}{\376\377\000H\000i\000l\000b\000e\000r\000t\000\040\000s\000c\000h\000e\000m\000e\000s\000\040\000o\000f\000\040\000s\000m\000o\000o\000t\000h\000\040\000s\000u\000r\000f\000a\000c\000e\000s}{chapter.4}% 10
\BOOKMARK [1][-]{section.4.3}{\376\377\000A\000n\000\040\000o\000b\000s\000t\000r\000u\000c\000t\000e\000d\000\040\000d\000e\000f\000o\000r\000m\000a\000t\000i\000o\000n}{chapter.4}% 11
\BOOKMARK [0][-]{chapter.5}{\376\377\000A\000v\000i\000\040\000\050\000O\000c\000t\000\040\0002\0002\000\051\000:\000\040\000L\000o\000c\000a\000l\000-\000g\000l\000o\000b\000a\000l\000\040\000m\000e\000t\000h\000o\000d\000s}{}% 12
\BOOKMARK [1][-]{section.5.1}{\376\377\000C\000u\000r\000v\000e\000s\000\040\000w\000i\000t\000h\000\040\000i\000s\000o\000l\000a\000t\000e\000d\000\040\000s\000i\000n\000g\000u\000l\000a\000r\000i\000t\000i\000e\000s}{chapter.5}% 13
\BOOKMARK [1][-]{section.5.2}{\376\377\000S\000m\000o\000o\000t\000h\000\040\000c\000u\000r\000v\000e\000s\000\040\000w\000i\000t\000h\000\040\000a\000\040\000f\000i\000n\000i\000t\000e\000\040\000g\000r\000o\000u\000p\000\040\000a\000c\000t\000i\000o\000n}{chapter.5}% 14
\BOOKMARK [0][-]{chapter.6}{\376\377\000C\000a\000l\000e\000b\000\040\000a\000n\000d\000\040\000M\000o\000r\000e\000n\000a\000\040\000\050\000O\000c\000t\000\040\0002\0009\000\051\000:\000\040\000L\000e\000m\000m\000a\000\040\0000\000E\0003\000X\000\040\000a\000n\000d\000\040\000a\000p\000p\000l\000i\000c\000a\000t\000i\000o\000n\000s\000\040\000t\000o\000\040\000c\000o\000n\000t\000r\000a\000c\000t\000i\000n\000g\000\040\000c\000u\000r\000v\000e\000s}{}% 15
\BOOKMARK [1][-]{section.6.1}{\376\377\000O\000n\000e\000\040\000l\000e\000m\000m\000a\000\040\000i\000n\000\040\000t\000h\000e\000\040\000S\000t\000a\000c\000k\000s\000\040\000P\000r\000o\000j\000e\000c\000t}{chapter.6}% 16
\BOOKMARK [1][-]{section.6.2}{\376\377\000A\000p\000p\000l\000i\000c\000a\000t\000i\000o\000n\000\040\000t\000o\000\040\000m\000o\000d\000u\000l\000i\000\040\000o\000f\000\040\000c\000u\000r\000v\000e\000s}{chapter.6}% 17
\BOOKMARK [2][-]{subsection.6.2.1}{\376\377\000S\000t\000a\000b\000l\000e\000\040\000c\000u\000r\000v\000e\000s}{section.6.2}% 18
\BOOKMARK [2][-]{subsection.6.2.2}{\376\377\000C\000o\000n\000t\000r\000a\000c\000t\000i\000o\000n\000\040\000d\000o\000n\000e\000\040\000w\000r\000o\000n\000g}{section.6.2}% 19
\BOOKMARK [2][-]{subsection.6.2.3}{\376\377\000C\000o\000n\000t\000r\000a\000c\000t\000i\000o\000n\000\040\000d\000o\000n\000e\000\040\000r\000i\000g\000h\000t}{section.6.2}% 20
\BOOKMARK [0][-]{chapter.7}{\376\377\000M\000o\000r\000e\000n\000a\000\040\000\050\000N\000o\000v\000\040\0000\0005\000\051\000:\000\040\000C\000o\000n\000t\000r\000a\000c\000t\000i\000o\000n\000\040\000m\000o\000r\000p\000h\000i\000s\000m\000s\000\040\000b\000e\000t\000w\000e\000e\000n\000\040\000m\000o\000d\000u\000l\000i\000\040\000s\000t\000a\000c\000k\000s\000\040\000o\000f\000\040\000c\000u\000r\000v\000e\000s}{}% 21
\BOOKMARK [1][-]{section.7.1}{\376\377\000R\000e\000c\000a\000p\000\040\000o\000f\000\040\000l\000a\000s\000t\000\040\000t\000i\000m\000e}{chapter.7}% 22
\BOOKMARK [1][-]{section.7.2}{\376\377\000C\000o\000n\000t\000r\000a\000c\000t\000i\000o\000n\000\040\000o\000f\000\040\000r\000a\000t\000i\000o\000n\000a\000l\000\040\000t\000a\000i\000l\000s\000\040\000a\000n\000d\000\040\000b\000r\000i\000d\000g\000e\000s}{chapter.7}% 23
\BOOKMARK [1][-]{section.7.3}{\376\377\000C\000o\000n\000t\000r\000a\000c\000t\000i\000o\000n\000\040\000o\000v\000e\000r\000\040\000a\000n\000y\000\040\000b\000a\000s\000e\000\040\000s\000c\000h\000e\000m\000e}{chapter.7}% 24
\BOOKMARK [0][-]{chapter.8}{\376\377\000B\000a\000i\000q\000i\000n\000g\000\040\000\050\000N\000o\000v\000\040\0001\0002\000\051\000:\000\040\000D\000e\000f\000o\000r\000m\000a\000t\000i\000o\000n\000s\000\040\000o\000f\000\040\000g\000r\000o\000u\000p\000\040\000s\000c\000h\000e\000m\000e\000s}{}% 25
\BOOKMARK [1][-]{section.8.1}{\376\377\000D\000e\000f\000o\000r\000m\000a\000t\000i\000o\000n\000s\000\040\000o\000f\000\040\000a\000b\000e\000l\000i\000a\000n\000\040\000s\000c\000h\000e\000m\000e\000s}{chapter.8}% 26
\BOOKMARK [1][-]{section.8.2}{\376\377\000D\000e\000f\000o\000r\000m\000a\000t\000i\000o\000n\000s\000\040\000o\000f\000\040\000s\000m\000o\000o\000t\000h\000\040\000a\000f\000f\000i\000n\000e\000\040\000g\000r\000o\000u\000p\000\040\000s\000c\000h\000e\000m\000e\000s}{chapter.8}% 27
\BOOKMARK [0][-]{chapter.9}{\376\377\000H\000a\000o\000d\000o\000n\000g\000\040\000\050\000N\000o\000v\000\040\0001\0009\000\051\000:\000\040\000A\000r\000t\000i\000n\000'\000s\000\040\000a\000x\000i\000o\000m\000s}{}% 28
\BOOKMARK [1][-]{section.9.1}{\376\377\000P\000r\000e\000s\000t\000a\000c\000k\000s\000\040\000a\000n\000d\000\040\000s\000t\000a\000c\000k\000s}{chapter.9}% 29
\BOOKMARK [2][-]{subsection.9.1.1}{\376\377\000P\000r\000e\000s\000t\000a\000c\000k\000s}{section.9.1}% 30
\BOOKMARK [2][-]{subsection.9.1.2}{\376\377\000S\000t\000a\000c\000k\000s}{section.9.1}% 31
\BOOKMARK [1][-]{section.9.2}{\376\377\000A\000l\000g\000e\000b\000r\000a\000i\000c\000\040\000s\000t\000a\000c\000k\000s\000\040\000a\000n\000d\000\040\000A\000r\000t\000i\000n\000'\000s\000\040\000a\000x\000i\000o\000m\000s}{chapter.9}% 32
\BOOKMARK [2][-]{subsection.9.2.1}{\376\377\000A\000l\000g\000e\000b\000r\000a\000i\000c\000\040\000s\000t\000a\000c\000k\000s}{section.9.2}% 33
\BOOKMARK [1][-]{section.9.3}{\376\377\000A\000r\000t\000i\000n\000'\000s\000\040\000A\000x\000i\000o\000m\000s}{chapter.9}% 34
\BOOKMARK [0][-]{chapter.10}{\376\377\000C\000h\000e\000\040\000\050\000D\000e\000c\000\040\0000\0003\000\051\000:\000\040\000S\000t\000a\000c\000k\000\040\000o\000f\000\040\000c\000o\000h\000e\000r\000e\000n\000t\000\040\000s\000h\000e\000a\000v\000e\000s}{}% 35
\BOOKMARK [1][-]{section.10.1}{\376\377\000X\000\040\000i\000s\000\040\000a\000\040\000s\000t\000a\000c\000k}{chapter.10}% 36
\BOOKMARK [1][-]{section.10.2}{\376\377\000R\000e\000p\000r\000e\000s\000e\000n\000t\000a\000b\000i\000l\000i\000t\000y\000\040\000o\000f\000\040\000t\000h\000e\000\040\000d\000i\000a\000g\000o\000n\000a\000l}{chapter.10}% 37
\BOOKMARK [1][-]{section.10.3}{\376\377\000P\000r\000e\000s\000e\000r\000v\000a\000t\000i\000o\000n\000\040\000o\000f\000\040\000l\000i\000m\000i\000t\000s}{chapter.10}% 38
\BOOKMARK [1][-]{section.10.4}{\376\377\000R\000i\000m\000-\000S\000c\000h\000l\000e\000s\000s\000i\000n\000g\000e\000r}{chapter.10}% 39
\BOOKMARK [1][-]{section.10.5}{\376\377\000F\000i\000n\000i\000t\000e\000n\000e\000s\000s}{chapter.10}% 40
\BOOKMARK [1][-]{section.10.6}{\376\377\000F\000o\000r\000m\000a\000l\000\040\000o\000b\000j\000e\000c\000t\000s\000\040\000a\000r\000e\000\040\000e\000f\000f\000e\000c\000t\000i\000v\000e}{chapter.10}% 41
\BOOKMARK [0][-]{chapter.11}{\376\377\000J\000o\000h\000a\000n\000\040\000\050\000D\000e\000c\000\040\0001\0000\000\051\000:\000\040\000O\000p\000e\000n\000n\000e\000s\000s\000\040\000o\000f\000\040\000v\000e\000r\000s\000a\000l\000i\000t\000y}{}% 42
\BOOKMARK [1][-]{section.11.1}{\376\377\000M\000o\000d\000u\000l\000i\000\040\000o\000f\000\040\000c\000u\000r\000v\000e\000s}{chapter.11}% 43
\BOOKMARK [1][-]{section.11.2}{\376\377\000P\000r\000o\000p\000e\000r\000t\000i\000e\000s\000\040\000o\000f\000\040\000c\000o\000t\000a\000n\000g\000e\000n\000t\000\040\000c\000o\000m\000p\000l\000e\000x\000e\000s}{chapter.11}% 44
\BOOKMARK [1][-]{section.11.3}{\376\377\000C\000o\000h\000e\000r\000e\000n\000t\000\040\000s\000h\000e\000a\000v\000e\000s}{chapter.11}% 45
\BOOKMARK [1][-]{section.11.4}{\376\377\000A\000\040\000t\000r\000i\000c\000k}{chapter.11}% 46
