This is pdfTeX, Version 3.14159265-2.6-1.40.18 (TeX Live 2017/Debian) (preloaded format=latex 2019.2.6)  23 APR 2019 12:33
entering extended mode
 restricted \write18 enabled.
 %&-line parsing enabled.
**cap.tex
(/usr/share/texlive/texmf-dist/tex/generic/c-pascal/cap.tex
LaTeX2e <2017-04-15>
Babel <3.18> and hyphenation patterns for 7 language(s) loaded.
(/usr/share/texlive/texmf-dist/tex/generic/c-pascal/cap_c.tex
(/usr/share/texlive/texmf-dist/tex/generic/c-pascal/cap_comm.tex
(/usr/share/texlive/texmf-dist/tex/generic/dvips/colordvi.tex)
\SpaceSkip=\dimen102
\@InFile=\read1
\@CharCode=\count79
\@PrevChar=\count80
\@WhereAmI=\count81
))
(/usr/share/texlive/texmf-dist/tex/generic/c-pascal/cap_pas.tex)
(/usr/share/texlive/texmf-dist/tex/generic/c-pascal/cap_pyt.tex))
*
! Interruption.
<*> 
    
? X
 
Here is how much of TeX's memory you used:
 252 strings out of 494848
 3367 string characters out of 6179107
 52002 words of memory out of 5000000
 3659 multiletter control sequences out of 15000+600000
 3977 words of font info for 16 fonts, out of 8000000 for 9000
 59 hyphenation exceptions out of 8191
 7i,0n,10p,144b,10s stack positions out of 5000i,500n,10000p,200000b,80000s
No pages of output.
