\BOOKMARK [1][-]{section.1}{Organizational}{}% 1
\BOOKMARK [1][-]{section.2}{Fields}{}% 2
\BOOKMARK [2][-]{subsection.2.1}{Lecture 1 \(Jan 22\)}{section.2}% 3
\BOOKMARK [3][-]{subsubsection.2.1.1}{Basics}{subsection.2.1}% 4
\BOOKMARK [2][-]{subsection.2.2}{Lecture 2 \(Jan 24\)}{section.2}% 5
\BOOKMARK [3][-]{subsubsection.2.2.1}{Straightedge and Compass}{subsection.2.2}% 6
\BOOKMARK [2][-]{subsection.2.3}{Lecture 3 \(Jan 29\)}{section.2}% 7
\BOOKMARK [3][-]{subsubsection.2.3.1}{Straightedge and Compass Continued}{subsection.2.3}% 8
\BOOKMARK [3][-]{subsubsection.2.3.2}{Spitting Fields}{subsection.2.3}% 9
\BOOKMARK [3][-]{subsubsection.2.3.3}{Algebraic Closure}{subsection.2.3}% 10
\BOOKMARK [2][-]{subsection.2.4}{Lecture 4 \(Jan 31\)}{section.2}% 11
\BOOKMARK [3][-]{subsubsection.2.4.1}{Algebraic Closure Continued}{subsection.2.4}% 12
\BOOKMARK [3][-]{subsubsection.2.4.2}{\(In\)separability}{subsection.2.4}% 13
\BOOKMARK [2][-]{subsection.2.5}{Lecture 5 \(Feb 5\)}{section.2}% 14
\BOOKMARK [3][-]{subsubsection.2.5.1}{\(In\)separability Continued}{subsection.2.5}% 15
\BOOKMARK [3][-]{subsubsection.2.5.2}{Classification of Finite Fields}{subsection.2.5}% 16
\BOOKMARK [3][-]{subsubsection.2.5.3}{Cyclotomic Fields}{subsection.2.5}% 17
\BOOKMARK [2][-]{subsection.2.6}{Lecture 6 \(Feb 7\)}{section.2}% 18
\BOOKMARK [3][-]{subsubsection.2.6.1}{Cyclotomic Fields Wrap-up}{subsection.2.6}% 19
\BOOKMARK [1][-]{section.3}{Galois Theory}{}% 20
\BOOKMARK [2][-]{subsection.3.1}{Lecture 6 \(cont.\)}{section.3}% 21
\BOOKMARK [3][-]{subsubsection.3.1.1}{Basics}{subsection.3.1}% 22
\BOOKMARK [3][-]{subsubsection.3.1.2}{Correspondences}{subsection.3.1}% 23
\BOOKMARK [2][-]{subsection.3.2}{Lecture 7 \(Feb 12\)}{section.3}% 24
\BOOKMARK [3][-]{subsubsection.3.2.1}{Correspondences Continued}{subsection.3.2}% 25
\BOOKMARK [2][-]{subsection.3.3}{Lecture 8 \(Feb 14 \)}{section.3}% 26
\BOOKMARK [3][-]{subsubsection.3.3.1}{Towards the Fundamental Theorem of Galois Theory}{subsection.3.3}% 27
\BOOKMARK [2][-]{subsection.3.4}{Lecture 9 \(Feb 21\)}{section.3}% 28
\BOOKMARK [3][-]{subsubsection.3.4.1}{Computing Galois Groups}{subsection.3.4}% 29
\BOOKMARK [2][-]{subsection.3.5}{Lecture 10 \(Feb 26\)}{section.3}% 30
\BOOKMARK [3][-]{subsubsection.3.5.1}{Finite Fields}{subsection.3.5}% 31
\BOOKMARK [2][-]{subsection.3.6}{Lecture 11 \(Feb 28\)}{section.3}% 32
\BOOKMARK [3][-]{subsubsection.3.6.1}{Primitive Elements}{subsection.3.6}% 33
\BOOKMARK [2][-]{subsection.3.7}{Lecture 12 \(Mar 5\)}{section.3}% 34
\BOOKMARK [3][-]{subsubsection.3.7.1}{Cyclotomic Fields}{subsection.3.7}% 35
\BOOKMARK [2][-]{subsection.3.8}{Lecture 13 \(Mar 19\)}{section.3}% 36
\BOOKMARK [2][-]{subsection.3.9}{Lecture 14 \(Mar 21\)}{section.3}% 37
\BOOKMARK [2][-]{subsection.3.10}{Lecture 15 \(Mar 26\)}{section.3}% 38
\BOOKMARK [3][-]{subsubsection.3.10.1}{Solvable and Radical extensions}{subsection.3.10}% 39
\BOOKMARK [2][-]{subsection.3.11}{Lecture 16 \(Mar 28\)}{section.3}% 40
\BOOKMARK [3][-]{subsubsection.3.11.1}{Galois groups over Q}{subsection.3.11}% 41
\BOOKMARK [1][-]{section.4}{Commutative Algebra}{}% 42
\BOOKMARK [2][-]{subsection.4.1}{Lecture 17 \(Apr 02\)}{section.4}% 43
\BOOKMARK [2][-]{subsection.4.2}{Lecture 18 \(Apr 04\)}{section.4}% 44
\BOOKMARK [3][-]{subsubsection.4.2.1}{Radical ideals}{subsection.4.2}% 45
\BOOKMARK [2][-]{subsection.4.3}{Lecture 19 \(Apr 09\)}{section.4}% 46
\BOOKMARK [3][-]{subsubsection.4.3.1}{Zariski Topology}{subsection.4.3}% 47
\BOOKMARK [2][-]{subsection.4.4}{Lecture 20 \(Apr 11\)}{section.4}% 48
\BOOKMARK [3][-]{subsubsection.4.4.1}{Integral elements and Integral Closure}{subsection.4.4}% 49
\BOOKMARK [2][-]{subsection.4.5}{Lecture 21 \(Apr 16\)}{section.4}% 50
\BOOKMARK [2][-]{subsection.4.6}{Lecture 22 \(Apr 18\)}{section.4}% 51
\BOOKMARK [3][-]{subsubsection.4.6.1}{Nullstellensatz}{subsection.4.6}% 52
\BOOKMARK [2][-]{subsection.4.7}{Lecture 23 \(Apr 23\)}{section.4}% 53
\BOOKMARK [3][-]{subsubsection.4.7.1}{Localization}{subsection.4.7}% 54
\BOOKMARK [2][-]{subsection.4.8}{Lecture 24 \(Apr 25\)}{section.4}% 55
\BOOKMARK [3][-]{subsubsection.4.8.1}{Discrete Valuation Rings}{subsection.4.8}% 56
