\BOOKMARK [0][-]{section*.1}{Contents}{}% 1
\BOOKMARK [0][-]{chapter.1}{Basic Notions}{}% 2
\BOOKMARK [1][-]{section.1.1}{Basics of Ideals}{chapter.1}% 3
\BOOKMARK [1][-]{section.1.2}{Localization}{chapter.1}% 4
\BOOKMARK [1][-]{section.1.3}{Modules}{chapter.1}% 5
\BOOKMARK [1][-]{section.1.4}{Artinian and Noetherian Rings}{chapter.1}% 6
\BOOKMARK [2][-]{subsection.1.4.1}{Primary Decomposition in Noetherian Rings}{section.1.4}% 7
\BOOKMARK [2][-]{subsection.1.4.2}{Artinian Rings}{section.1.4}% 8
\BOOKMARK [0][-]{chapter.2}{Linear Algebra of Modules}{}% 9
\BOOKMARK [1][-]{section.2.1}{Tor and Ext Functors}{chapter.2}% 10
\BOOKMARK [1][-]{section.2.2}{Flatness}{chapter.2}% 11
\BOOKMARK [1][-]{section.2.3}{More on Integral Dependence}{chapter.2}% 12
\BOOKMARK [1][-]{section.2.4}{Associated Primes}{chapter.2}% 13
\BOOKMARK [0][-]{chapter.3}{Dimension Theory}{}% 14
\BOOKMARK [1][-]{section.3.1}{Graded Rings and Modules}{chapter.3}% 15
\BOOKMARK [1][-]{section.3.2}{Other Notions of Dimension}{chapter.3}% 16
\BOOKMARK [1][-]{section.3.3}{Dimension in the Relative Setting}{chapter.3}% 17
\BOOKMARK [1][-]{section.3.4}{Rings of Dimension 1}{chapter.3}% 18
\BOOKMARK [1][-]{section.3.5}{Depth}{chapter.3}% 19
\BOOKMARK [1][-]{section.3.6}{Cohen-Macaulay Rings and Modules}{chapter.3}% 20
