\BOOKMARK [0][-]{section*.1}{Contents}{}% 1
\BOOKMARK [0][-]{chapter.1}{Caleb \(Jan 22\): Rational Equivalence}{}% 2
\BOOKMARK [1][-]{section.1.1}{Chow Groups}{chapter.1}% 3
\BOOKMARK [1][-]{section.1.2}{Pushforward of Cycles}{chapter.1}% 4
\BOOKMARK [1][-]{section.1.3}{Alternative Definition of Rational Equivalence}{chapter.1}% 5
\BOOKMARK [0][-]{chapter.2}{Avi \(Jan 29\): Intersecting with divisors and the first Chern class}{}% 6
\BOOKMARK [1][-]{section.2.1}{Cartier and Weil divisors}{chapter.2}% 7
\BOOKMARK [1][-]{section.2.2}{Pseudo-divisors}{chapter.2}% 8
\BOOKMARK [1][-]{section.2.3}{Intersecting with divisors}{chapter.2}% 9
\BOOKMARK [1][-]{section.2.4}{Commutativity}{chapter.2}% 10
\BOOKMARK [1][-]{section.2.5}{The first Chern class}{chapter.2}% 11
\BOOKMARK [1][-]{section.2.6}{The Gysin map}{chapter.2}% 12
\BOOKMARK [0][-]{chapter.3}{Alex \(Feb 05\): Chern classes and Segre classes of vector bundles}{}% 13
\BOOKMARK [1][-]{section.3.1}{Chern and Segre Classes}{chapter.3}% 14
\BOOKMARK [1][-]{section.3.2}{Splitting Principle}{chapter.3}% 15
\BOOKMARK [1][-]{section.3.3}{Rational equivalence of bundles}{chapter.3}% 16
\BOOKMARK [0][-]{chapter.4}{Patrick \(Feb 12\): }{}% 17
\BOOKMARK [1][-]{section.4.1}{Cones and Segre Classes}{chapter.4}% 18
\BOOKMARK [2][-]{subsection.4.1.1}{Cones}{section.4.1}% 19
\BOOKMARK [2][-]{subsection.4.1.2}{Segre Class of a Subvariety}{section.4.1}% 20
\BOOKMARK [2][-]{subsection.4.1.3}{Multiplicity}{section.4.1}% 21
\BOOKMARK [2][-]{subsection.4.1.4}{Linear Systems}{section.4.1}% 22
\BOOKMARK [1][-]{section.4.2}{Deformation to the Normal Cone}{chapter.4}% 23
