\BOOKMARK [0][-]{section*.1}{\376\377\000C\000o\000n\000t\000e\000n\000t\000s}{}% 1
\BOOKMARK [0][-]{chapter.1}{\376\377\000A\000k\000a\000s\000h\000\040\000\050\000F\000e\000b\000\040\0000\0004\000\051\000:\000\040\000I\000n\000t\000r\000o\000d\000u\000c\000t\000i\000o\000n}{}% 2
\BOOKMARK [1][-]{section.1.1}{\376\377\000K\000o\000b\000a\000y\000a\000s\000h\000i\000\040\000a\000n\000d\000\040\000B\000r\000o\000d\000y\000\040\000h\000y\000p\000e\000r\000b\000o\000l\000i\000c\000i\000t\000y}{chapter.1}% 3
\BOOKMARK [1][-]{section.1.2}{\376\377\000A\000l\000g\000e\000b\000r\000a\000i\000c\000\040\000h\000y\000p\000e\000r\000b\000o\000l\000i\000c\000i\000t\000y}{chapter.1}% 4
\BOOKMARK [1][-]{section.1.3}{\376\377\000R\000a\000t\000i\000o\000n\000a\000l\000\040\000p\000o\000i\000n\000t\000s}{chapter.1}% 5
\BOOKMARK [0][-]{chapter.2}{\376\377\000A\000k\000a\000s\000h\000\040\000\050\000F\000e\000b\000\040\0001\0001\000\051\000:\000\040\000A\000n\000a\000l\000y\000t\000i\000c\000\040\000p\000r\000e\000l\000i\000m\000i\000n\000a\000r\000i\000e\000s}{}% 6
\BOOKMARK [1][-]{section.2.1}{\376\377\000S\000o\000m\000e\000\040\000c\000o\000n\000j\000e\000c\000t\000u\000r\000e\000s}{chapter.2}% 7
\BOOKMARK [1][-]{section.2.2}{\376\377\000A\000h\000l\000f\000o\000r\000s\000-\000S\000c\000h\000w\000a\000r\000z\000\040\000l\000e\000m\000m\000a}{chapter.2}% 8
\BOOKMARK [1][-]{section.2.3}{\376\377\000J\000e\000t\000\040\000d\000i\000f\000f\000e\000r\000e\000n\000t\000i\000a\000l\000s}{chapter.2}% 9
\BOOKMARK [0][-]{chapter.3}{\376\377\000J\000o\000h\000a\000n\000\040\000\050\000F\000e\000b\000\040\0001\0008\000\051\000:\000\040\000H\000y\000p\000e\000r\000b\000o\000l\000i\000c\000i\000t\000y\000\040\000o\000f\000\040\000s\000u\000b\000v\000a\000r\000i\000e\000t\000i\000e\000s\000\040\000o\000f\000\040\000a\000b\000e\000l\000i\000a\000n\000\040\000v\000a\000r\000i\000e\000t\000i\000e\000s}{}% 10
\BOOKMARK [1][-]{section.3.1}{\376\377\000P\000r\000o\000o\000f\000\040\000o\000f\000\040\000a\000\040\000w\000e\000a\000k\000\040\000f\000o\000r\000m}{chapter.3}% 11
\BOOKMARK [1][-]{section.3.2}{\376\377\000B\000o\000g\000o\000m\000o\000l\000o\000v\000'\000s\000\040\000t\000r\000i\000c\000k}{chapter.3}% 12
\BOOKMARK [0][-]{chapter.4}{\376\377\000A\000m\000a\000l\000\040\000\050\000F\000e\000b\000\040\0002\0005\000\051\000:\000\040\000V\000a\000r\000i\000e\000t\000i\000e\000s\000\040\000w\000i\000t\000h\000\040\000a\000m\000p\000l\000e\000\040\000c\000o\000t\000a\000n\000g\000e\000n\000t\000\040\000b\000u\000n\000d\000l\000e}{}% 13
\BOOKMARK [1][-]{section.4.1}{\376\377\000P\000r\000o\000o\000f\000\040\000o\000f\000\040\000a\000m\000p\000l\000e\000\040\000c\000o\000t\000a\000n\000g\000e\000n\000t\000\040\000b\000u\000n\000d\000l\000e\000\040\000i\000m\000p\000l\000i\000e\000s\000\040\000a\000n\000a\000l\000y\000t\000i\000c\000\040\000h\000y\000p\000e\000r\000b\000o\000l\000i\000c\000i\000t\000y}{chapter.4}% 14
\BOOKMARK [1][-]{section.4.2}{\376\377\000C\000o\000n\000s\000t\000r\000u\000c\000t\000i\000o\000n}{chapter.4}% 15
\BOOKMARK [0][-]{chapter.5}{\376\377\000N\000o\000a\000h\000\040\000\050\000M\000a\000r\000\040\0000\0004\000\051\000:\000\040\000C\000u\000r\000v\000e\000s\000\040\000o\000n\000\040\000s\000u\000r\000f\000a\000c\000e\000s\000\040\000o\000f\000\040\000g\000e\000n\000e\000r\000a\000l\000\040\000t\000y\000p\000e}{}% 16
\BOOKMARK [1][-]{section.5.1}{\376\377\000P\000r\000e\000l\000i\000m\000i\000n\000a\000r\000i\000e\000s\000\040\000o\000n\000\040\000b\000o\000u\000n\000d\000e\000d\000n\000e\000s\000s}{chapter.5}% 17
\BOOKMARK [1][-]{section.5.2}{\376\377\000P\000r\000o\000o\000f\000\040\000o\000f\000\040\000t\000h\000e\000o\000r\000e\000m}{chapter.5}% 18
\BOOKMARK [0][-]{chapter.6}{\376\377\000N\000i\000c\000o\000l\000\341\000s\000\040\000\050\000M\000a\000r\000\040\0001\0001\000\051\000:\000\040\000H\000y\000p\000e\000r\000b\000o\000l\000i\000c\000i\000t\000y\000\040\000o\000f\000\040\000h\000y\000p\000e\000r\000s\000u\000r\000f\000a\000c\000e\000s\000\040\000a\000n\000d\000\040\000t\000h\000e\000i\000r\000\040\000c\000o\000m\000p\000l\000e\000m\000e\000n\000t\000s}{}% 19
\BOOKMARK [1][-]{section.6.1}{\376\377\000I\000n\000t\000r\000o\000d\000u\000c\000t\000i\000o\000n}{chapter.6}% 20
\BOOKMARK [1][-]{section.6.2}{\376\377\000L\000i\000n\000e\000s\000\040\000o\000n\000\040\000h\000y\000p\000e\000r\000s\000u\000r\000f\000a\000c\000e\000s}{chapter.6}% 21
\BOOKMARK [1][-]{section.6.3}{\376\377\000A\000l\000g\000e\000b\000r\000a\000i\000c\000\040\000h\000y\000p\000e\000r\000b\000o\000l\000i\000c\000i\000t\000y}{chapter.6}% 22
\BOOKMARK [1][-]{section.6.4}{\376\377\000A\000n\000a\000l\000y\000t\000i\000c\000\040\000h\000y\000p\000e\000r\000b\000o\000l\000i\000c\000i\000t\000y}{chapter.6}% 23
\BOOKMARK [1][-]{section.6.5}{\376\377\000C\000o\000m\000p\000l\000e\000m\000e\000n\000t\000s\000\040\000o\000f\000\040\000h\000y\000p\000e\000r\000p\000l\000a\000n\000e\000s}{chapter.6}% 24
\BOOKMARK [1][-]{section.6.6}{\376\377\000T\000o\000d\000a\000y}{chapter.6}% 25
\BOOKMARK [0][-]{chapter.7}{\376\377\000P\000a\000t\000r\000i\000c\000k\000\040\000\050\000M\000a\000r\000\040\0002\0005\000\051\000:\000\040\000C\000u\000r\000v\000e\000s\000\040\000o\000n\000\040\000C\000a\000l\000a\000b\000i\000-\000Y\000a\000u\000\040\000h\000y\000p\000e\000r\000s\000u\000r\000f\000a\000c\000e\000s}{}% 26
\BOOKMARK [1][-]{section.7.1}{\376\377\000R\000a\000t\000i\000o\000n\000a\000l\000\040\000c\000u\000r\000v\000e\000s\000\040\000o\000n\000\040\000C\000a\000l\000a\000b\000i\000-\000Y\000a\000u\000\040\000h\000y\000p\000e\000r\000s\000u\000r\000f\000a\000c\000e\000s}{chapter.7}% 27
\BOOKMARK [1][-]{section.7.2}{\376\377\000S\000w\000e\000e\000p\000i\000n\000g\000\040\000o\000u\000t\000\040\000o\000f\000\040\000h\000y\000p\000e\000r\000s\000u\000r\000f\000a\000c\000e\000s}{chapter.7}% 28
\BOOKMARK [1][-]{section.7.3}{\376\377\000S\000w\000e\000e\000p\000i\000n\000g\000\040\000o\000u\000t\000\040\000o\000f\000\040\000C\000a\000l\000a\000b\000i\000-\000Y\000a\000u\000\040\000h\000y\000p\000e\000r\000s\000u\000r\000f\000a\000c\000e\000s\000\040\000b\000y\000\040\000a\000b\000e\000l\000i\000a\000n\000\040\000v\000a\000r\000i\000e\000t\000i\000e\000s}{chapter.7}% 29
\BOOKMARK [0][-]{chapter.8}{\376\377\000M\000o\000r\000e\000n\000a\000\040\000\050\000A\000p\000r\000\040\0000\0001\000\051\000:\000\040\000F\000a\000l\000t\000i\000n\000g\000s\000\040\000a\000n\000d\000\040\000s\000t\000r\000o\000n\000g\000\040\000L\000a\000n\000g\000-\000V\000o\000j\000t\000a}{}% 30
\BOOKMARK [1][-]{section.8.1}{\376\377\000S\000t\000r\000o\000n\000g\000\040\000L\000a\000n\000g\000-\000V\000o\000j\000t\000a}{chapter.8}% 31
\BOOKMARK [1][-]{section.8.2}{\376\377\000S\000p\000e\000c\000i\000a\000l\000\040\000l\000o\000c\000u\000s\000\040\000a\000n\000d\000\040\000t\000h\000e\000\040\000M\000o\000r\000d\000e\000l\000l\000i\000c\000\040\000l\000o\000c\000u\000s}{chapter.8}% 32
\BOOKMARK [0][-]{chapter.9}{\376\377\000K\000u\000a\000n\000-\000W\000e\000n\000\040\000\050\000A\000p\000r\000\040\0000\0008\000\051\000:\000\040\000F\000i\000n\000i\000t\000e\000n\000e\000s\000s\000\040\000o\000f\000\040\000m\000o\000r\000p\000h\000i\000s\000m\000s\000\040\000t\000o\000\040\000a\000l\000g\000e\000b\000r\000a\000i\000c\000a\000l\000l\000y\000\040\000h\000y\000p\000e\000r\000b\000o\000l\000i\000c\000\040\000v\000a\000r\000i\000e\000t\000i\000e\000s}{}% 33
\BOOKMARK [1][-]{section.9.1}{\376\377\000O\000v\000e\000r\000v\000i\000e\000w}{chapter.9}% 34
\BOOKMARK [1][-]{section.9.2}{\376\377\000P\000r\000o\000o\000f\000\040\000o\000f\000\040\000t\000h\000e\000\040\000m\000a\000i\000n\000\040\000t\000h\000e\000o\000r\000e\000m}{chapter.9}% 35
\BOOKMARK [0][-]{chapter.10}{\376\377\000K\000e\000v\000i\000n\000\040\000\050\000A\000p\000r\000\040\0001\0005\000\051\000:\000\040\000U\000n\000i\000f\000o\000r\000m\000i\000t\000y\000\040\000o\000f\000\040\000r\000a\000t\000i\000o\000n\000a\000l\000\040\000p\000o\000i\000n\000t\000s}{}% 36
\BOOKMARK [1][-]{section.10.1}{\376\377\000I\000n\000t\000r\000o\000d\000u\000c\000t\000i\000o\000n}{chapter.10}% 37
\BOOKMARK [1][-]{section.10.2}{\376\377\000P\000r\000o\000o\000f\000\040\000o\000f\000\040\000u\000n\000i\000f\000o\000r\000m\000\040\000b\000o\000u\000n\000d\000\040\000a\000s\000s\000s\000u\000m\000i\000n\000g\000\040\000c\000o\000r\000r\000e\000l\000a\000t\000i\000o\000n}{chapter.10}% 38
\BOOKMARK [1][-]{section.10.3}{\376\377\000T\000h\000e\000\040\000c\000o\000r\000r\000e\000l\000a\000t\000i\000o\000n\000\040\000t\000h\000e\000o\000r\000e\000m}{chapter.10}% 39
\BOOKMARK [0][-]{chapter.11}{\376\377\000A\000k\000a\000s\000h\000\040\000\050\000A\000p\000r\000\040\0002\0002\000\051\000:\000\040\000T\000h\000e\000\040\000p\000r\000o\000d\000u\000c\000t\000\040\000t\000h\000e\000o\000r\000e\000m}{}% 40
\BOOKMARK [1][-]{section.11.1}{\376\377\000I\000n\000t\000r\000o\000d\000u\000c\000t\000i\000o\000n}{chapter.11}% 41
\BOOKMARK [1][-]{section.11.2}{\376\377\000D\000i\000o\000p\000h\000a\000n\000t\000i\000n\000e\000\040\000a\000p\000p\000r\000o\000x\000i\000m\000a\000t\000i\000o\000n}{chapter.11}% 42
\BOOKMARK [1][-]{section.11.3}{\376\377\000P\000r\000o\000o\000f\000\040\000o\000f\000\040\000g\000e\000o\000m\000e\000t\000r\000i\000c\000\040\000p\000r\000o\000d\000u\000c\000t\000\040\000t\000h\000e\000o\000r\000e\000m}{chapter.11}% 43
