\BOOKMARK [1][-]{section.1}{Lecture 1 \(Sep 4\)}{}% 1
\BOOKMARK [2][-]{subsection.1.1}{Overview}{section.1}% 2
\BOOKMARK [2][-]{subsection.1.2}{Basic Notions and Examples}{section.1}% 3
\BOOKMARK [1][-]{section.2}{Lecture 2 \(Sep 9\)}{}% 4
\BOOKMARK [2][-]{subsection.2.1}{Morphisms}{section.2}% 5
\BOOKMARK [1][-]{section.3}{Lecture 3 \(Sep 11\)}{}% 6
\BOOKMARK [2][-]{subsection.3.1}{Example 29 Continued}{section.3}% 7
\BOOKMARK [2][-]{subsection.3.2}{Partitions of Unity}{section.3}% 8
\BOOKMARK [1][-]{section.4}{Lecture 4 \(Sep 16\)}{}% 9
\BOOKMARK [2][-]{subsection.4.1}{Tangent Spaces}{section.4}% 10
\BOOKMARK [1][-]{section.5}{Lecture 5 \(Sep 18\)}{}% 11
\BOOKMARK [2][-]{subsection.5.1}{Working in Coordinates}{section.5}% 12
\BOOKMARK [2][-]{subsection.5.2}{Alternative Approaches to Tangent Spaces}{section.5}% 13
\BOOKMARK [2][-]{subsection.5.3}{Vector Fields.}{section.5}% 14
\BOOKMARK [1][-]{section.6}{Lecture 6 \(Sep 23\)}{}% 15
\BOOKMARK [2][-]{subsection.6.1}{Vector Fields, Continued}{section.6}% 16
\BOOKMARK [2][-]{subsection.6.2}{Lie Algebras}{section.6}% 17
\BOOKMARK [1][-]{section.7}{Lecture 7 \(Sep 25\)}{}% 18
\BOOKMARK [2][-]{subsection.7.1}{Vector Bundles}{section.7}% 19
\BOOKMARK [2][-]{subsection.7.2}{Pullback Bundles}{section.7}% 20
\BOOKMARK [1][-]{section.8}{Lecture 8 \(Sep 30\)}{}% 21
\BOOKMARK [2][-]{subsection.8.1}{Sections and Frames}{section.8}% 22
\BOOKMARK [2][-]{subsection.8.2}{Induced Bundles}{section.8}% 23
\BOOKMARK [1][-]{section.9}{Lecture 9 \(Oct 2\)}{}% 24
\BOOKMARK [2][-]{subsection.9.1}{Examples of Dual Bundles}{section.9}% 25
\BOOKMARK [2][-]{subsection.9.2}{Subbundles and Quotient Bundles}{section.9}% 26
\BOOKMARK [2][-]{subsection.9.3}{Cotangent Bundle}{section.9}% 27
\BOOKMARK [2][-]{subsection.9.4}{Submersions, Immersions, Embeddings}{section.9}% 28
\BOOKMARK [1][-]{section.10}{Lecture 10 \(Oct 07\)}{}% 29
\BOOKMARK [2][-]{subsection.10.1}{Submanifolds}{section.10}% 30
\BOOKMARK [1][-]{section.11}{Lecture 11 \(Oct 09\)}{}% 31
\BOOKMARK [2][-]{subsection.11.1}{Lie Subgroups}{section.11}% 32
\BOOKMARK [2][-]{subsection.11.2}{Lie Group Actions}{section.11}% 33
\BOOKMARK [1][-]{section.12}{Lecture 12 \(Oct 15\)}{}% 34
\BOOKMARK [2][-]{subsection.12.1}{Equivariance}{section.12}% 35
\BOOKMARK [2][-]{subsection.12.2}{Whitney's Embedding and Approximation Theorems}{section.12}% 36
\BOOKMARK [1][-]{section.13}{Lecture 13 \(Oct 16\)}{}% 37
\BOOKMARK [2][-]{subsection.13.1}{Tensors}{section.13}% 38
\BOOKMARK [2][-]{subsection.13.2}{Riemannian Metrics}{section.13}% 39
\BOOKMARK [1][-]{section.14}{Lecture 14 \(Oct 21\)}{}% 40
\BOOKMARK [2][-]{subsection.14.1}{Riemannian Manifolds Continued}{section.14}% 41
\BOOKMARK [2][-]{subsection.14.2}{Almost Complex Structures}{section.14}% 42
\BOOKMARK [2][-]{subsection.14.3}{Differential Forms}{section.14}% 43
\BOOKMARK [3][-]{subsubsection.14.3.1}{Multilinear Algebra}{subsection.14.3}% 44
\BOOKMARK [1][-]{section.15}{Lecture 15 \(Oct 23\)}{}% 45
\BOOKMARK [1][-]{section.16}{Lecture 16 \(Oct 28\)}{}% 46
\BOOKMARK [2][-]{subsection.16.1}{Differential Forms on Manifolds}{section.16}% 47
\BOOKMARK [2][-]{subsection.16.2}{Exterior Differentiation}{section.16}% 48
\BOOKMARK [1][-]{section.17}{Lecture 17 \(Oct 30\)}{}% 49
\BOOKMARK [2][-]{subsection.17.1}{Orientations}{section.17}% 50
\BOOKMARK [1][-]{section.18}{Lecture 18 \(Nov 4\)}{}% 51
\BOOKMARK [2][-]{subsection.18.1}{Orientation Coverings}{section.18}% 52
\BOOKMARK [2][-]{subsection.18.2}{Manifolds with Boundary}{section.18}% 53
\BOOKMARK [1][-]{section.19}{Lecture 19 \(Nov 6\)}{}% 54
\BOOKMARK [2][-]{subsection.19.1}{Integration}{section.19}% 55
\BOOKMARK [1][-]{section.20}{Lecture 20 \(Nov 11\)}{}% 56
\BOOKMARK [2][-]{subsection.20.1}{De Rham Cohomology}{section.20}% 57
\BOOKMARK [1][-]{section.21}{Lecture 21 \(Nov 13\)}{}% 58
\BOOKMARK [2][-]{subsection.21.1}{Some Homological Algebra}{section.21}% 59
\BOOKMARK [1][-]{section.22}{Lecture 22 \(Nov 18\)}{}% 60
\BOOKMARK [1][-]{section.23}{Lecture 23 \(Nov 20\)}{}% 61
\BOOKMARK [1][-]{section.24}{Lecture 24 \(Dec 4\)}{}% 62
\BOOKMARK [2][-]{subsection.24.1}{Local Representation}{section.24}% 63
\BOOKMARK [1][-]{section.25}{Lecture 25 \(Dec 09\)}{}% 64
