\BOOKMARK [0][-]{section*.1}{\376\377\000C\000o\000n\000t\000e\000n\000t\000s}{}% 1
\BOOKMARK [0][-]{chapter.1}{\376\377\000S\000e\000b\000a\000s\000t\000i\000a\000n\000\040\000\050\000S\000e\000p\000\040\0001\0004\000\051\000:\000\040\000K\000h\000o\000v\000a\000n\000o\000v\000\040\000H\000o\000m\000o\000l\000o\000g\000y}{}% 2
\BOOKMARK [1][-]{section.1.1}{\376\377\000C\000a\000t\000e\000g\000o\000r\000y\000\040\000o\000f\000\040\000P\000i\000c\000t\000u\000r\000e\000s}{chapter.1}% 3
\BOOKMARK [1][-]{section.1.2}{\376\377\000K\000h\000o\000v\000a\000n\000o\000v\000\040\000H\000o\000m\000o\000l\000o\000g\000y}{chapter.1}% 4
\BOOKMARK [0][-]{chapter.2}{\376\377\000\301\000l\000v\000a\000r\000o\000\040\000\050\000S\000e\000p\000\040\0002\0001\000\051\000:\000\040\000H\000O\000M\000F\000L\000Y\000-\000P\000T\000\040\000h\000o\000m\000o\000l\000o\000g\000y}{}% 5
\BOOKMARK [1][-]{section.2.1}{\376\377\000T\000r\000i\000p\000l\000y\000\040\000g\000r\000a\000d\000e\000d\000\040\000h\000o\000m\000o\000l\000o\000g\000y}{chapter.2}% 6
\BOOKMARK [1][-]{section.2.2}{\376\377\000H\000o\000c\000h\000s\000c\000h\000i\000l\000d\000\040\000h\000o\000m\000o\000l\000o\000g\000y}{chapter.2}% 7
\BOOKMARK [1][-]{section.2.3}{\376\377\000E\000x\000a\000m\000p\000l\000e\000\040\000o\000f\000\040\000t\000r\000i\000p\000l\000y\000\040\000g\000r\000a\000d\000e\000d\000\040\000h\000o\000m\000o\000l\000o\000g\000y}{chapter.2}% 8
\BOOKMARK [1][-]{section.2.4}{\376\377\000C\000o\000n\000n\000e\000c\000t\000i\000o\000n\000s\000\040\000t\000o\000\040\000g\000e\000o\000m\000e\000t\000r\000y}{chapter.2}% 9
\BOOKMARK [0][-]{chapter.3}{\376\377\000A\000v\000i\000\040\000\050\000S\000e\000p\000\040\0002\0008\000\051\000:\000\040\000H\000i\000l\000b\000e\000r\000t\000\040\000S\000c\000h\000e\000m\000e\000s}{}% 10
\BOOKMARK [1][-]{section.3.1}{\376\377\000D\000e\000f\000i\000n\000i\000t\000i\000o\000n\000s}{chapter.3}% 11
\BOOKMARK [1][-]{section.3.2}{\376\377\000H\000i\000l\000b\000e\000r\000t\000\040\000s\000c\000h\000e\000m\000e\000s\000\040\000o\000f\000\040\000s\000m\000o\000o\000t\000h\000\040\000s\000u\000r\000f\000a\000c\000e\000s}{chapter.3}% 12
\BOOKMARK [1][-]{section.3.3}{\376\377\000P\000l\000a\000n\000e\000\040\000c\000u\000r\000v\000e\000\040\000s\000i\000n\000g\000u\000l\000a\000r\000i\000t\000i\000e\000s}{chapter.3}% 13
\BOOKMARK [0][-]{chapter.4}{\376\377\000P\000a\000t\000r\000i\000c\000k\000\040\000\050\000O\000c\000t\000\040\0005\000\040\000a\000n\000d\000\040\000O\000c\000t\000\040\0001\0002\000\051\000:\000\040\000T\000h\000e\000\040\000H\000O\000M\000F\000L\000Y\000\040\000p\000o\000l\000y\000n\000o\000m\000i\000a\000l\000\040\000a\000n\000d\000\040\000e\000n\000u\000m\000e\000r\000a\000t\000i\000v\000e\000\040\000g\000e\000o\000m\000e\000t\000r\000y}{}% 14
\BOOKMARK [1][-]{section.4.1}{\376\377\000I\000n\000t\000r\000o\000d\000u\000c\000t\000i\000o\000n}{chapter.4}% 15
\BOOKMARK [1][-]{section.4.2}{\376\377\000I\000n\000t\000r\000o\000d\000u\000c\000t\000i\000o\000n\000\040\000t\000o\000\040\000P\000T\000\040\000T\000h\000e\000o\000r\000y}{chapter.4}% 16
\BOOKMARK [1][-]{section.4.3}{\376\377\000A\000\040\000c\000o\000m\000p\000u\000t\000a\000t\000i\000o\000n\000\040\000i\000n\000\040\000P\000T\000\040\000t\000h\000e\000o\000r\000y}{chapter.4}% 17
\BOOKMARK [1][-]{section.4.4}{\376\377\000F\000l\000o\000p\000\040\000i\000n\000v\000a\000r\000i\000a\000n\000c\000e\000\040\000o\000f\000\040\000P\000T\000\040\000t\000h\000e\000o\000r\000y}{chapter.4}% 18
\BOOKMARK [1][-]{section.4.5}{\376\377\000A\000l\000g\000e\000b\000r\000a\000i\000c\000\040\000l\000i\000n\000k\000s}{chapter.4}% 19
\BOOKMARK [1][-]{section.4.6}{\376\377\000S\000o\000m\000e\000\040\000e\000x\000p\000l\000i\000c\000i\000t\000\040\000c\000a\000l\000c\000u\000l\000a\000t\000i\000o\000n\000s\000\040\000f\000o\000r\000\040\000t\000h\000e\000\040\000u\000n\000k\000n\000o\000t\000\040\000a\000n\000d\000\040\000H\000o\000p\000f\000\040\000l\000i\000n\000k}{chapter.4}% 20
\BOOKMARK [1][-]{section.4.7}{\376\377\000B\000e\000h\000a\000v\000i\000o\000r\000\040\000o\000f\000\040\000l\000i\000n\000k\000s\000\040\000w\000i\000t\000h\000\040\000r\000e\000s\000p\000e\000c\000t\000\040\000t\000o\000\040\000b\000l\000o\000w\000u\000p}{chapter.4}% 21
\BOOKMARK [1][-]{section.4.8}{\376\377\000R\000e\000l\000a\000t\000i\000o\000n\000\040\000b\000e\000t\000w\000e\000e\000n\000\040\000P\000T\000\040\000t\000h\000e\000o\000r\000y\000\040\000a\000n\000d\000\040\000H\000O\000M\000F\000L\000Y}{chapter.4}% 22
\BOOKMARK [0][-]{chapter.5}{\376\377\000C\000h\000e\000\040\000\050\000O\000c\000t\000\040\0001\0009\000\051\000:\000\040\000B\000r\000a\000i\000d\000\040\000v\000a\000r\000i\000e\000t\000i\000e\000s\000\040\000a\000n\000d\000\040\000K\000h\000o\000v\000a\000n\000o\000v\000-\000R\000o\000z\000a\000n\000s\000k\000y\000\040\000h\000o\000m\000o\000l\000o\000g\000y}{}% 23
\BOOKMARK [1][-]{section.5.1}{\376\377\000K\000h\000o\000v\000a\000n\000o\000v\000-\000R\000o\000z\000a\000n\000s\000k\000y\000\040\000h\000o\000m\000o\000l\000o\000g\000y}{chapter.5}% 24
\BOOKMARK [1][-]{section.5.2}{\376\377\000B\000r\000a\000i\000d\000\040\000v\000a\000r\000i\000e\000t\000i\000e\000s}{chapter.5}% 25
\BOOKMARK [1][-]{section.5.3}{\376\377\000M\000i\000x\000e\000d\000\040\000H\000o\000d\000g\000e\000\040\000S\000t\000r\000u\000c\000t\000u\000r\000e\000s}{chapter.5}% 26
\BOOKMARK [1][-]{section.5.4}{\376\377\000S\000k\000e\000t\000c\000h\000\040\000o\000f\000\040\000p\000r\000o\000o\000f\000\040\000o\000f\000\040\000m\000a\000i\000n\000\040\000t\000h\000e\000o\000r\000e\000m}{chapter.5}% 27
