\BOOKMARK [0][-]{section*.1}{\376\377\000C\000o\000n\000t\000e\000n\000t\000s}{}% 1
\BOOKMARK [0][-]{chapter.1}{\376\377\000M\000e\000l\000i\000s\000s\000a\000\040\000\050\000F\000e\000b\000\040\0000\0003\000\051\000:\000\040\000V\000i\000r\000t\000u\000a\000l\000\040\000f\000u\000n\000d\000a\000m\000e\000n\000t\000a\000l\000\040\000c\000l\000a\000s\000s\000e\000s\000\040\000i\000n\000\040\000a\000l\000g\000e\000b\000r\000a\000i\000c\000\040\000g\000e\000o\000m\000e\000t\000r\000y}{}% 2
\BOOKMARK [1][-]{section.1.1}{\376\377\000O\000v\000e\000r\000v\000i\000e\000w}{chapter.1}% 3
\BOOKMARK [1][-]{section.1.2}{\376\377\000C\000o\000n\000e\000s}{chapter.1}% 4
\BOOKMARK [1][-]{section.1.3}{\376\377\000L\000o\000c\000a\000l\000\040\000t\000h\000e\000o\000r\000y\000\040\000o\000n\000\040\000a\000\040\000s\000c\000h\000e\000m\000e}{chapter.1}% 5
\BOOKMARK [1][-]{section.1.4}{\376\377\000V\000i\000r\000t\000u\000a\000l\000\040\000f\000u\000n\000d\000a\000m\000e\000n\000t\000a\000l\000\040\000c\000l\000a\000s\000s\000e\000s}{chapter.1}% 6
\BOOKMARK [1][-]{section.1.5}{\376\377\000R\000e\000l\000a\000t\000i\000v\000e\000\040\000v\000e\000r\000s\000i\000o\000n}{chapter.1}% 7
\BOOKMARK [0][-]{chapter.2}{\376\377\000M\000e\000l\000i\000s\000s\000a\000\040\000\050\000F\000e\000b\000\040\0001\0000\000\051\000:\000\040\000V\000i\000r\000t\000u\000a\000l\000\040\000f\000u\000n\000d\000a\000m\000e\000n\000t\000a\000l\000\040\000c\000l\000a\000s\000s\000e\000s\000\040\000i\000n\000\040\000e\000n\000u\000m\000e\000r\000a\000t\000i\000v\000e\000\040\000g\000e\000o\000m\000e\000t\000r\000y}{}% 8
\BOOKMARK [1][-]{section.2.1}{\376\377\000G\000r\000o\000m\000o\000v\000-\000W\000i\000t\000t\000e\000n\000\040\000t\000h\000e\000o\000r\000y}{chapter.2}% 9
\BOOKMARK [1][-]{section.2.2}{\376\377\000R\000e\000m\000a\000r\000k\000s\000\040\000o\000n\000\040\000e\000q\000u\000i\000v\000a\000r\000i\000a\000n\000t\000\040\000l\000o\000c\000a\000l\000i\000z\000a\000t\000i\000o\000n}{chapter.2}% 10
\BOOKMARK [0][-]{chapter.3}{\376\377\000S\000o\000n\000g\000\040\000\050\000F\000e\000b\000\040\0001\0007\000\051\000:\000\040\000C\000r\000e\000p\000a\000n\000t\000\040\000t\000r\000a\000n\000s\000f\000o\000r\000m\000a\000t\000i\000o\000n\000\040\000c\000o\000n\000j\000e\000c\000t\000u\000r\000e\000\040\000f\000o\000r\000\040\000t\000o\000r\000i\000c\000\040\000D\000e\000l\000i\000g\000n\000e\000-\000M\000u\000m\000f\000o\000r\000d\000\040\000s\000t\000a\000c\000k\000s\000,\000\040\000p\000a\000r\000t\000\040\0001}{}% 11
\BOOKMARK [1][-]{section.3.1}{\376\377\000T\000o\000r\000i\000c\000\040\000g\000e\000o\000m\000e\000t\000r\000y}{chapter.3}% 12
\BOOKMARK [1][-]{section.3.2}{\376\377\000Q\000u\000a\000n\000t\000u\000m\000\040\000c\000o\000h\000o\000m\000o\000l\000o\000g\000y\000/\000G\000r\000o\000m\000o\000v\000-\000W\000i\000t\000t\000e\000n\000\040\000t\000h\000e\000o\000r\000y}{chapter.3}% 13
\BOOKMARK [0][-]{chapter.4}{\376\377\000S\000o\000n\000g\000\040\000\050\000F\000e\000b\000\040\0002\0004\000\051\000:\000\040\000C\000r\000e\000p\000a\000n\000t\000\040\000t\000r\000a\000n\000s\000f\000o\000r\000m\000a\000t\000i\000o\000n\000\040\000c\000o\000n\000j\000e\000c\000t\000u\000r\000e\000\040\000f\000o\000r\000\040\000t\000o\000r\000i\000c\000\040\000D\000e\000l\000i\000g\000n\000e\000-\000M\000u\000m\000f\000o\000r\000d\000\040\000s\000t\000a\000c\000k\000s\000,\000\040\000p\000a\000r\000t\000\040\0002}{}% 14
\BOOKMARK [1][-]{section.4.1}{\376\377\000T\000e\000c\000h\000n\000i\000c\000a\000l\000\040\000d\000i\000s\000c\000u\000s\000s\000i\000o\000n\000\040\000o\000f\000\040\000t\000h\000e\000\040\000s\000i\000m\000p\000l\000i\000f\000i\000e\000d\000\040\000r\000e\000s\000u\000l\000t}{chapter.4}% 15
\BOOKMARK [1][-]{section.4.2}{\376\377\000F\000o\000u\000r\000i\000e\000r\000-\000M\000u\000k\000a\000i\000\040\000t\000r\000a\000n\000s\000f\000o\000r\000m}{chapter.4}% 16
\BOOKMARK [1][-]{section.4.3}{\376\377\000R\000e\000l\000a\000t\000e\000d\000\040\000w\000o\000r\000k}{chapter.4}% 17
\BOOKMARK [0][-]{chapter.5}{\376\377\000C\000h\000e\000\040\000\050\000M\000a\000r\000\040\0000\0003\000\051\000:\000\040\000Q\000u\000a\000n\000t\000u\000m\000\040\000g\000r\000o\000u\000p\000s\000\040\000a\000n\000d\000\040\000q\000u\000a\000n\000t\000u\000m\000\040\000c\000o\000h\000o\000m\000o\000l\000o\000g\000y\000,\000\040\000p\000a\000r\000t\000\040\0001}{}% 18
\BOOKMARK [1][-]{section.5.1}{\376\377\000N\000a\000k\000a\000j\000i\000m\000a\000\040\000q\000u\000i\000v\000e\000r\000\040\000v\000a\000r\000i\000e\000t\000i\000e\000s}{chapter.5}% 19
\BOOKMARK [1][-]{section.5.2}{\376\377\000Q\000u\000a\000n\000t\000u\000m\000\040\000c\000o\000h\000o\000m\000o\000l\000o\000g\000y}{chapter.5}% 20
\BOOKMARK [1][-]{section.5.3}{\376\377\000S\000t\000a\000b\000l\000e\000\040\000e\000n\000v\000e\000l\000o\000p\000e\000s}{chapter.5}% 21
\BOOKMARK [0][-]{chapter.6}{\376\377\000C\000h\000e\000\040\000\050\000M\000a\000r\000\040\0001\0000\000\051\000:\000\040\000Q\000u\000a\000n\000t\000u\000m\000\040\000g\000r\000o\000u\000p\000s\000\040\000a\000n\000d\000\040\000q\000u\000a\000n\000t\000u\000m\000\040\000c\000o\000h\000o\000m\000o\000l\000o\000g\000y\000,\000\040\000p\000a\000r\000t\000\040\0002}{}% 22
\BOOKMARK [1][-]{section.6.1}{\376\377\000R\000-\000m\000a\000t\000r\000i\000c\000e\000s}{chapter.6}% 23
\BOOKMARK [1][-]{section.6.2}{\376\377\000C\000o\000n\000s\000t\000r\000u\000c\000t\000i\000o\000n\000\040\000o\000f\000\040\000t\000h\000e\000\040\000Y\000a\000n\000g\000i\000a\000n}{chapter.6}% 24
\BOOKMARK [0][-]{chapter.7}{\376\377\000K\000e\000v\000i\000n\000\040\000\050\000M\000a\000r\000\040\0002\0004\000\051\000:\000\040\000D\000o\000n\000a\000l\000d\000s\000o\000n\000-\000T\000h\000o\000m\000a\000s\000\040\000t\000y\000p\000e\000\040\000i\000n\000v\000a\000r\000i\000a\000n\000t\000s\000\040\000v\000i\000a\000\040\000m\000i\000c\000r\000o\000l\000o\000c\000a\000l\000\040\000g\000e\000o\000m\000e\000t\000r\000y\000,\000\040\000p\000a\000r\000t\000\040\0001}{}% 25
\BOOKMARK [1][-]{section.7.1}{\376\377\000O\000b\000s\000t\000r\000u\000c\000t\000i\000o\000n\000\040\000t\000h\000e\000o\000r\000i\000e\000s}{chapter.7}% 26
\BOOKMARK [2][-]{subsection.7.1.1}{\376\377\000P\000e\000r\000f\000e\000c\000t\000\040\000o\000b\000s\000t\000r\000u\000c\000t\000i\000o\000n\000\040\000t\000h\000e\000o\000r\000i\000e\000s}{section.7.1}% 27
\BOOKMARK [1][-]{section.7.2}{\376\377\000S\000y\000m\000m\000e\000t\000r\000i\000c\000\040\000o\000b\000s\000t\000r\000u\000c\000t\000i\000o\000n\000\040\000t\000h\000e\000o\000r\000i\000e\000s}{chapter.7}% 28
\BOOKMARK [1][-]{section.7.3}{\376\377\000T\000h\000e\000\040\000B\000e\000h\000r\000e\000n\000d\000\040\000f\000u\000n\000c\000t\000i\000o\000n}{chapter.7}% 29
\BOOKMARK [0][-]{chapter.8}{\376\377\000K\000e\000v\000i\000n\000\040\000\050\000M\000a\000r\000\040\0003\0001\000\051\000:\000\040\000D\000o\000n\000a\000l\000d\000s\000o\000n\000-\000T\000h\000o\000m\000a\000s\000\040\000t\000y\000p\000e\000\040\000i\000n\000v\000a\000r\000i\000a\000n\000t\000s\000\040\000v\000i\000a\000\040\000m\000i\000c\000r\000o\000l\000o\000c\000a\000l\000\040\000g\000e\000o\000m\000e\000t\000r\000y\000,\000\040\000p\000a\000r\000t\000\040\0002}{}% 30
\BOOKMARK [1][-]{section.8.1}{\376\377\000M\000i\000c\000r\000o\000l\000o\000c\000a\000l\000\040\000g\000e\000o\000m\000e\000t\000r\000y}{chapter.8}% 31
\BOOKMARK [1][-]{section.8.2}{\376\377\000H\000i\000l\000b\000e\000r\000t\000\040\000s\000c\000h\000e\000m\000e\000s\000\040\000o\000f\000\040\000p\000o\000i\000n\000t\000s\000\040\000o\000n\000\040\000t\000h\000r\000e\000e\000f\000o\000l\000d\000s}{chapter.8}% 32
\BOOKMARK [0][-]{chapter.9}{\376\377\000K\000o\000n\000s\000t\000a\000n\000t\000i\000n\000\040\000\050\000A\000p\000r\000\040\0000\0007\000\051\000:\000\040\000I\000n\000d\000u\000c\000t\000i\000v\000e\000\040\000c\000o\000n\000s\000t\000r\000u\000c\000t\000i\000o\000n\000\040\000o\000f\000\040\000s\000t\000a\000b\000l\000e\000\040\000e\000n\000v\000e\000l\000o\000p\000e\000s\000,\000\040\000p\000a\000r\000t\000\040\0001}{}% 33
\BOOKMARK [1][-]{section.9.1}{\376\377\000E\000l\000l\000i\000p\000t\000i\000c\000\040\000c\000o\000h\000o\000m\000o\000l\000o\000g\000y}{chapter.9}% 34
\BOOKMARK [1][-]{section.9.2}{\376\377\000O\000u\000t\000l\000i\000n\000e\000\040\000o\000f\000\040\000O\000k\000o\000u\000n\000k\000o\000v\000'\000s\000\040\000c\000o\000n\000s\000t\000r\000u\000c\000t\000i\000o\000n}{chapter.9}% 35
\BOOKMARK [0][-]{chapter.10}{\376\377\000K\000o\000n\000s\000t\000a\000n\000t\000i\000n\000\040\000\050\000A\000p\000r\000\040\0001\0004\000\051\000:\000\040\000I\000n\000d\000u\000c\000t\000i\000v\000e\000\040\000c\000o\000n\000s\000t\000r\000u\000c\000t\000i\000o\000n\000\040\000o\000f\000\040\000s\000t\000a\000b\000l\000e\000\040\000e\000n\000v\000e\000l\000o\000p\000e\000s\000,\000\040\000p\000a\000r\000t\000\040\0002}{}% 36
\BOOKMARK [1][-]{section.10.1}{\376\377\000M\000o\000r\000e\000\040\000o\000n\000\040\000e\000l\000l\000i\000p\000t\000i\000c\000\040\000c\000o\000h\000o\000m\000o\000l\000o\000g\000y}{chapter.10}% 37
\BOOKMARK [1][-]{section.10.2}{\376\377\000O\000k\000o\000u\000n\000k\000o\000v\000'\000s\000\040\000c\000o\000n\000s\000t\000r\000u\000c\000t\000i\000o\000n}{chapter.10}% 38
\BOOKMARK [0][-]{chapter.11}{\376\377\000P\000a\000t\000r\000i\000c\000k\000\040\000\050\000A\000p\000r\000\040\0002\0001\000\051\000:\000\040\000D\000T\000/\000P\000T\000\040\000c\000o\000r\000r\000e\000s\000p\000o\000n\000d\000e\000n\000c\000e\000\040\000u\000s\000i\000n\000g\000\040\000m\000o\000t\000i\000v\000i\000c\000\040\000H\000a\000l\000l\000\040\000a\000l\000g\000e\000b\000r\000a\000s}{}% 39
\BOOKMARK [1][-]{section.11.1}{\376\377\000I\000n\000t\000r\000o\000d\000u\000c\000t\000i\000o\000n}{chapter.11}% 40
\BOOKMARK [1][-]{section.11.2}{\376\377\000C\000a\000t\000e\000g\000o\000r\000i\000c\000a\000l\000\040\000p\000r\000e\000l\000i\000m\000i\000n\000a\000r\000i\000e\000s}{chapter.11}% 41
\BOOKMARK [1][-]{section.11.3}{\376\377\000M\000o\000d\000u\000l\000i\000\040\000s\000t\000a\000c\000k}{chapter.11}% 42
\BOOKMARK [1][-]{section.11.4}{\376\377\000M\000o\000t\000i\000v\000i\000c\000\040\000H\000a\000l\000l\000\040\000a\000l\000g\000e\000b\000r\000a\000s}{chapter.11}% 43
\BOOKMARK [1][-]{section.11.5}{\376\377\000W\000a\000l\000l\000-\000c\000r\000o\000s\000s\000i\000n\000g\000\040\000a\000n\000d\000\040\000t\000h\000e\000\040\000D\000T\000/\000P\000T\000\040\000c\000o\000r\000r\000e\000s\000p\000o\000n\000d\000e\000n\000c\000e}{chapter.11}% 44
\BOOKMARK [0][-]{chapter.12}{\376\377\000P\000a\000t\000r\000i\000c\000k\000\040\000\050\000A\000p\000r\000\040\0002\0008\000\051\000:\000\040\000T\000h\000e\000\040\000D\000T\000\040\000c\000r\000e\000p\000a\000n\000t\000\040\000r\000e\000s\000o\000l\000u\000t\000i\000o\000n\000\040\000c\000o\000n\000j\000e\000c\000t\000u\000r\000e}{}% 45
\BOOKMARK [1][-]{section.12.1}{\376\377\000B\000r\000i\000e\000f\000\040\000r\000e\000v\000i\000e\000w}{chapter.12}% 46
\BOOKMARK [1][-]{section.12.2}{\376\377\000S\000t\000a\000b\000i\000l\000i\000t\000y\000\040\000c\000o\000n\000d\000i\000t\000i\000o\000n\000s}{chapter.12}% 47
\BOOKMARK [1][-]{section.12.3}{\376\377\000D\000T\000-\000l\000i\000k\000e\000\040\000i\000n\000v\000a\000r\000i\000a\000n\000t\000s}{chapter.12}% 48
\BOOKMARK [1][-]{section.12.4}{\376\377\000B\000r\000y\000a\000n\000-\000S\000t\000e\000i\000n\000b\000e\000r\000g\000\040\000i\000n\000v\000a\000r\000i\000a\000n\000t\000s}{chapter.12}% 49
