\BOOKMARK [0][-]{section*.1}{\376\377\000C\000o\000n\000t\000e\000n\000t\000s}{}% 1
\BOOKMARK [0][-]{chapter.1}{\376\377\000K\000e\000v\000i\000n\000\040\000\050\000O\000c\000t\000\040\0002\0008\000\051\000:\000\040\000I\000n\000t\000r\000o\000\040\000t\000o\000\040\000m\000i\000x\000e\000d\000\040\000H\000o\000d\000g\000e\000\040\000s\000t\000r\000u\000c\000t\000u\000r\000e\000s\000;\000\040\000H\000o\000d\000g\000e\000\040\000t\000h\000e\000o\000r\000y\000\040\000f\000o\000r\000\040\000s\000m\000o\000o\000t\000h\000\040\000v\000a\000r\000i\000e\000t\000i\000e\000s}{}% 2
\BOOKMARK [1][-]{section.1.1}{\376\377\000R\000e\000v\000i\000e\000w\000\040\000o\000f\000\040\000H\000o\000d\000g\000e\000\040\000t\000h\000e\000o\000r\000y}{chapter.1}% 3
\BOOKMARK [1][-]{section.1.2}{\376\377\000M\000i\000x\000e\000d\000\040\000H\000o\000d\000g\000e\000\040\000s\000t\000r\000u\000c\000t\000u\000r\000e\000s}{chapter.1}% 4
\BOOKMARK [1][-]{section.1.3}{\376\377\000H\000y\000p\000e\000r\000c\000o\000h\000o\000m\000o\000l\000o\000g\000y\000\040\000s\000p\000e\000c\000t\000r\000a\000l\000\040\000s\000e\000q\000u\000e\000n\000c\000e\000s}{chapter.1}% 5
\BOOKMARK [1][-]{section.1.4}{\376\377\000H\000o\000d\000g\000e\000\040\000t\000h\000e\000o\000r\000y\000\040\000f\000o\000r\000\040\000s\000m\000o\000o\000t\000h\000\040\000v\000a\000r\000i\000e\000t\000i\000e\000s}{chapter.1}% 6
\BOOKMARK [0][-]{chapter.2}{\376\377\000K\000e\000v\000i\000n\000\040\000\050\000N\000o\000v\000\040\0000\0004\000\051\000:\000\040\000H\000o\000d\000g\000e\000\040\000t\000h\000e\000o\000r\000y\000\040\000f\000o\000r\000\040\000s\000m\000o\000o\000t\000h\000\040\000v\000a\000r\000i\000e\000t\000i\000e\000s\000\040\000I\000I}{}% 7
\BOOKMARK [1][-]{section.2.1}{\376\377\000S\000e\000t\000t\000i\000n\000g\000\040\000e\000v\000e\000r\000y\000t\000h\000i\000n\000g\000\040\000u\000p}{chapter.2}% 8
\BOOKMARK [1][-]{section.2.2}{\376\377\000A\000n\000\040\000e\000x\000e\000r\000c\000i\000s\000e\000\040\000i\000n\000\040\000h\000o\000m\000o\000l\000o\000g\000i\000c\000a\000l\000\040\000a\000l\000g\000e\000b\000r\000a}{chapter.2}% 9
\BOOKMARK [0][-]{chapter.3}{\376\377\000C\000a\000l\000e\000b\000\040\000\050\000N\000o\000v\000\040\0001\0001\000\051\000:\000\040\000C\000o\000h\000o\000m\000o\000l\000o\000g\000i\000c\000a\000l\000\040\000d\000e\000s\000c\000e\000n\000t}{}% 10
\BOOKMARK [1][-]{section.3.1}{\376\377\000C\000o\000s\000k\000e\000l\000e\000t\000a}{chapter.3}% 11
\BOOKMARK [1][-]{section.3.2}{\376\377\000H\000y\000p\000e\000r\000c\000o\000v\000e\000r\000i\000n\000g\000s}{chapter.3}% 12
\BOOKMARK [1][-]{section.3.3}{\376\377\000C\000o\000h\000o\000m\000o\000l\000o\000g\000i\000c\000a\000l\000\040\000d\000e\000s\000c\000e\000n\000t}{chapter.3}% 13
\BOOKMARK [0][-]{chapter.4}{\376\377\000K\000e\000v\000i\000n\000\040\000\050\000N\000o\000v\000\040\0001\0008\000\051\000:\000\040\000A\000p\000p\000l\000i\000c\000a\000t\000i\000o\000n\000s\000\040\000a\000n\000d\000\040\000e\000x\000a\000m\000p\000l\000e\000s\000\040\000o\000f\000\040\000m\000i\000x\000e\000d\000\040\000H\000o\000d\000g\000e\000\040\000s\000t\000r\000u\000c\000t\000u\000r\000e\000s\000;\000\040\000H\000o\000d\000g\000e\000\040\000t\000h\000e\000o\000r\000y\000\040\000f\000o\000r\000\040\000a\000l\000l\000\040\000v\000a\000r\000i\000e\000t\000i\000e\000s}{}% 14
\BOOKMARK [1][-]{section.4.1}{\376\377\000E\000n\000d\000\040\000o\000f\000\040\000H\000o\000d\000g\000e\000\040\000I\000I}{chapter.4}% 15
\BOOKMARK [1][-]{section.4.2}{\376\377\000H\000o\000d\000g\000e\000\040\000I\000I\000I}{chapter.4}% 16
\BOOKMARK [1][-]{section.4.3}{\376\377\000M\000i\000x\000e\000d\000\040\000H\000o\000d\000g\000e\000\040\000c\000o\000m\000p\000l\000e\000x\000e\000s}{chapter.4}% 17
\BOOKMARK [0][-]{chapter.5}{\376\377\000K\000e\000v\000i\000n\000\040\000\050\000D\000e\000c\000\040\0000\0002\000\051\000:\000\040\000H\000o\000d\000g\000e\000\040\000t\000h\000e\000o\000r\000y\000\040\000f\000o\000r\000\040\000a\000l\000l\000\040\000v\000a\000r\000i\000e\000t\000i\000e\000s\000\040\000I\000I}{}% 18
\BOOKMARK [1][-]{section.5.1}{\376\377\000E\000x\000i\000s\000t\000e\000n\000c\000e\000\040\000o\000f\000\040\000m\000i\000x\000e\000d\000\040\000H\000o\000d\000g\000e\000\040\000s\000t\000r\000u\000c\000t\000u\000r\000e\000s}{chapter.5}% 19
\BOOKMARK [1][-]{section.5.2}{\376\377\000H\000o\000d\000g\000e\000\040\000c\000h\000a\000r\000a\000c\000t\000e\000r\000i\000s\000t\000i\000c}{chapter.5}% 20
\BOOKMARK [0][-]{chapter.6}{\376\377\000C\000a\000l\000e\000b\000\040\000\050\000D\000e\000c\000\040\0000\0009\000\051\000:\000\040\000T\000h\000e\000\040\000A\000x\000-\000S\000c\000h\000a\000n\000u\000e\000l\000\040\000c\000o\000n\000j\000e\000c\000t\000u\000r\000e\000\040\000f\000o\000r\000\040\000p\000e\000r\000i\000o\000d\000\040\000m\000a\000p\000s}{}% 21
\BOOKMARK [1][-]{section.6.1}{\376\377\000P\000o\000l\000a\000r\000i\000z\000e\000d\000\040\000H\000o\000d\000g\000e\000\040\000s\000t\000r\000u\000c\000t\000u\000r\000e\000s}{chapter.6}% 22
\BOOKMARK [1][-]{section.6.2}{\376\377\000L\000e\000f\000s\000c\000h\000e\000t\000z\000\040\000d\000e\000c\000o\000m\000p\000o\000s\000i\000t\000i\000o\000n}{chapter.6}% 23
\BOOKMARK [1][-]{section.6.3}{\376\377\000P\000o\000l\000a\000r\000i\000z\000a\000t\000i\000o\000n\000s}{chapter.6}% 24
\BOOKMARK [1][-]{section.6.4}{\376\377\000U\000n\000p\000o\000l\000a\000r\000i\000z\000e\000d\000\040\000p\000e\000r\000i\000o\000d\000\040\000d\000o\000m\000a\000i\000n\000s}{chapter.6}% 25
\BOOKMARK [1][-]{section.6.5}{\376\377\000P\000o\000l\000a\000r\000i\000z\000e\000d\000\040\000p\000e\000r\000i\000o\000d\000\040\000d\000o\000m\000a\000i\000n\000s}{chapter.6}% 26
\BOOKMARK [1][-]{section.6.6}{\376\377\000o\000-\000m\000i\000n\000i\000m\000a\000l\000i\000t\000y}{chapter.6}% 27
