\BOOKMARK [0][-]{section*.1}{Contents}{}% 1
\BOOKMARK [0][-]{chapter.1}{January\04021}{}% 2
\BOOKMARK [1][-]{section.1.1}{Course\040Description}{chapter.1}% 3
\BOOKMARK [1][-]{section.1.2}{Organization}{chapter.1}% 4
\BOOKMARK [1][-]{section.1.3}{Overview}{chapter.1}% 5
\BOOKMARK [0][-]{chapter.2}{January\04023}{}% 6
\BOOKMARK [1][-]{section.2.1}{Basic\040Examples}{chapter.2}% 7
\BOOKMARK [1][-]{section.2.2}{Some\040Geometry}{chapter.2}% 8
\BOOKMARK [0][-]{chapter.3}{January\04028}{}% 9
\BOOKMARK [1][-]{section.3.1}{Normal\040Slices\040and\040Links}{chapter.3}% 10
\BOOKMARK [1][-]{section.3.2}{The\040Whitney\040Conditions}{chapter.3}% 11
\BOOKMARK [2][-]{subsection.3.2.1}{Condition\040A}{section.3.2}% 12
\BOOKMARK [2][-]{subsection.3.2.2}{Condition\040B}{section.3.2}% 13
\BOOKMARK [0][-]{chapter.4}{February\0404}{}% 14
\BOOKMARK [1][-]{section.4.1}{Whitney,\040Continued}{chapter.4}% 15
\BOOKMARK [1][-]{section.4.2}{Thom's\040Presentation\040of\040Stratified\040Spaces}{chapter.4}% 16
\BOOKMARK [2][-]{subsection.4.2.1}{Thom\040Presentation}{section.4.2}% 17
\BOOKMARK [0][-]{chapter.5}{February\0406}{}% 18
\BOOKMARK [1][-]{section.5.1}{Thom,\040Continued}{chapter.5}% 19
\BOOKMARK [1][-]{section.5.2}{Thin\040Singularities}{chapter.5}% 20
\BOOKMARK [0][-]{chapter.6}{February\04011}{}% 21
\BOOKMARK [1][-]{section.6.1}{Thin\040Singularities\040in\040Detail}{chapter.6}% 22
\BOOKMARK [2][-]{subsection.6.1.1}{Fibrations}{section.6.1}% 23
\BOOKMARK [2][-]{subsection.6.1.2}{Fullness}{section.6.1}% 24
\BOOKMARK [1][-]{section.6.2}{Constructing\040Links}{chapter.6}% 25
\BOOKMARK [0][-]{chapter.7}{February\04013}{}% 26
\BOOKMARK [1][-]{section.7.1}{Toric\040Varieties}{chapter.7}% 27
\BOOKMARK [1][-]{section.7.2}{Intersection\040Homology}{chapter.7}% 28
\BOOKMARK [2][-]{subsection.7.2.1}{Homology\040Crash\040Course}{section.7.2}% 29
\BOOKMARK [0][-]{chapter.8}{February\04020}{}% 30
\BOOKMARK [1][-]{section.8.1}{Piecewise\040Linear\040Manifolds}{chapter.8}% 31
\BOOKMARK [1][-]{section.8.2}{Defining\040Homology}{chapter.8}% 32
\BOOKMARK [2][-]{subsection.8.2.1}{A\040Variation}{section.8.2}% 33
\BOOKMARK [0][-]{chapter.9}{February\04025}{}% 34
\BOOKMARK [1][-]{section.9.1}{Homology\040with\040Local\040Systems}{chapter.9}% 35
\BOOKMARK [1][-]{section.9.2}{Some\040Technical\040Remarks}{chapter.9}% 36
\BOOKMARK [0][-]{chapter.10}{February\04027}{}% 37
\BOOKMARK [1][-]{section.10.1}{Cohomology}{chapter.10}% 38
\BOOKMARK [1][-]{section.10.2}{Intersection\040Homology}{chapter.10}% 39
\BOOKMARK [0][-]{chapter.11}{March\0403}{}% 40
\BOOKMARK [0][-]{chapter.12}{March\0405}{}% 41
\BOOKMARK [1][-]{section.12.1}{Normal\040Spaces\040and\040IH}{chapter.12}% 42
\BOOKMARK [0][-]{chapter.13}{March\04010}{}% 43
\BOOKMARK [1][-]{section.13.1}{Local\040Coeffieicents\040for\040IH}{chapter.13}% 44
\BOOKMARK [1][-]{section.13.2}{Local\040Homology}{chapter.13}% 45
\BOOKMARK [0][-]{chapter.14}{March\04024}{}% 46
\BOOKMARK [1][-]{section.14.1}{Cleaning\040up\040Loose\040Ends}{chapter.14}% 47
\BOOKMARK [1][-]{section.14.2}{Local\040Homology}{chapter.14}% 48
\BOOKMARK [0][-]{chapter.15}{March\04026}{}% 49
\BOOKMARK [1][-]{section.15.1}{Sheafy\040Stuff\040\(with\040caveats\)}{chapter.15}% 50
\BOOKMARK [1][-]{section.15.2}{Isolated\040Singularities\040of\040Complex\040Hypersurfaces}{chapter.15}% 51
