\BOOKMARK [1][-]{section.1}{Lecture 1 \(Sep 3\)}{}% 1
\BOOKMARK [2][-]{subsection.1.1}{Overview}{section.1}% 2
\BOOKMARK [2][-]{subsection.1.2}{Basic Notions}{section.1}% 3
\BOOKMARK [1][-]{section.2}{Lecture 2 \(Sep 5\)}{}% 4
\BOOKMARK [2][-]{subsection.2.1}{Derivations}{section.2}% 5
\BOOKMARK [2][-]{subsection.2.2}{Basic Examples}{section.2}% 6
\BOOKMARK [2][-]{subsection.2.3}{More Basic Notions}{section.2}% 7
\BOOKMARK [1][-]{section.3}{Lecture 3 \(Sep 10\)}{}% 8
\BOOKMARK [2][-]{subsection.3.1}{Nilpotent Lie Algebras}{section.3}% 9
\BOOKMARK [1][-]{section.4}{Lecture 4 \(Sep 12\)}{}% 10
\BOOKMARK [2][-]{subsection.4.1}{More Nilpotent Lie Algebras}{section.4}% 11
\BOOKMARK [2][-]{subsection.4.2}{Solvable and Semisimple Lie Algebras}{section.4}% 12
\BOOKMARK [1][-]{section.5}{Lecture 5 \(Sep 17\)}{}% 13
\BOOKMARK [2][-]{subsection.5.1}{Jordan Decomposition}{section.5}% 14
\BOOKMARK [1][-]{section.6}{Lecture 6 \(Sep 19\)}{}% 15
\BOOKMARK [2][-]{subsection.6.1}{Proof of Theorem 48}{section.6}% 16
\BOOKMARK [1][-]{section.7}{Lecture 7 \(Sep 24\)}{}% 17
\BOOKMARK [2][-]{subsection.7.1}{Some Classical Computations}{section.7}% 18
\BOOKMARK [1][-]{section.8}{Lecture 8 \(Sep 26\)}{}% 19
\BOOKMARK [2][-]{subsection.8.1}{Representations of Lie Algebras}{section.8}% 20
\BOOKMARK [2][-]{subsection.8.2}{Jordan decomposition for Semisimple Lie Algebras}{section.8}% 21
\BOOKMARK [1][-]{section.9}{Lecture 9 \(Oct 1\)}{}% 22
\BOOKMARK [2][-]{subsection.9.1}{Jordan Decomposition Continued}{section.9}% 23
\BOOKMARK [2][-]{subsection.9.2}{Representations of sl2}{section.9}% 24
\BOOKMARK [1][-]{section.10}{Lecture 10 \(Oct 3\)}{}% 25
\BOOKMARK [2][-]{subsection.10.1}{Representation Theory of sl2 Continued}{section.10}% 26
\BOOKMARK [2][-]{subsection.10.2}{Maximal Tori}{section.10}% 27
\BOOKMARK [1][-]{section.11}{Lecture 11 \(Oct 08\)}{}% 28
\BOOKMARK [2][-]{subsection.11.1}{Tori in sln}{section.11}% 29
\BOOKMARK [2][-]{subsection.11.2}{The General Case}{section.11}% 30
\BOOKMARK [1][-]{section.12}{Lecture 12 \(Oct 10\)}{}% 31
\BOOKMARK [1][-]{section.13}{Lecture 13 \(Oct 17\)}{}% 32
\BOOKMARK [2][-]{subsection.13.1}{An Example: The symplectic Lie algebra}{section.13}% 33
\BOOKMARK [1][-]{section.14}{Lecture 14 \(Oct 22\)}{}% 34
\BOOKMARK [2][-]{subsection.14.1}{Root Systems}{section.14}% 35
\BOOKMARK [2][-]{subsection.14.2}{Classifying Root Systems}{section.14}% 36
\BOOKMARK [1][-]{section.15}{Lecture 15 \(Oct 24\)}{}% 37
\BOOKMARK [2][-]{subsection.15.1}{Weyl Groups continued}{section.15}% 38
\BOOKMARK [1][-]{section.16}{Lecture 16 \(Oct 29\)}{}% 39
\BOOKMARK [1][-]{section.17}{Lecture 17 \(Oct 31\)}{}% 40
\BOOKMARK [1][-]{section.18}{Lecture 18 \(Nov 5\)}{}% 41
\BOOKMARK [1][-]{section.19}{Lecture 19 \(Nov 7\)}{}% 42
\BOOKMARK [1][-]{section.20}{Lecture 20 \(Nov 12\)}{}% 43
\BOOKMARK [1][-]{section.21}{Lecture 21 \(Nov 14\)}{}% 44
\BOOKMARK [1][-]{section.22}{Lecture 22 \(Nov 19\)}{}% 45
\BOOKMARK [1][-]{section.23}{Lecture 23 \(Nov 21\)}{}% 46
\BOOKMARK [1][-]{section.24}{Lecture 24 \(Dec 3\)}{}% 47
\BOOKMARK [1][-]{section.25}{Lecture 25 \(Dec 5\)}{}% 48
\BOOKMARK [1][-]{section.26}{Lecture 26 \(Dec 10\)}{}% 49
