\BOOKMARK [0][-]{section*.1}{Contents}{}% 1
\BOOKMARK [0][-]{chapter.1}{Caleb \(Oct 16\): Representable Functors and Grothendieck Topologies}{}% 2
\BOOKMARK [1][-]{section.1.1}{Representable Functors}{chapter.1}% 3
\BOOKMARK [1][-]{section.1.2}{Grothendieck Topologies}{chapter.1}% 4
\BOOKMARK [1][-]{section.1.3}{Sheaves on Sites}{chapter.1}% 5
\BOOKMARK [0][-]{chapter.2}{Caleb \(Oct 23\): Sieves and Fibered Categories}{}% 6
\BOOKMARK [1][-]{section.2.1}{Sieves}{chapter.2}% 7
\BOOKMARK [1][-]{section.2.2}{Fibered Categories}{chapter.2}% 8
\BOOKMARK [1][-]{section.2.3}{Examples}{chapter.2}% 9
\BOOKMARK [0][-]{chapter.3}{Caleb \(Oct 30\): \311tale morphisms and the \351tale fundamental group}{}% 10
\BOOKMARK [1][-]{section.3.1}{Flat Morphisms}{chapter.3}% 11
\BOOKMARK [1][-]{section.3.2}{\311tale morphisms}{chapter.3}% 12
\BOOKMARK [1][-]{section.3.3}{\311tale fundamental group}{chapter.3}% 13
\BOOKMARK [0][-]{chapter.4}{Caleb \(Nov 6\): More on the \351tale fundamental group and fibered categories}{}% 14
\BOOKMARK [1][-]{section.4.1}{Universal Cover}{chapter.4}% 15
\BOOKMARK [0][-]{chapter.5}{Caleb \(Nov 13\): Toproll and fibered categories}{}% 16
\BOOKMARK [1][-]{section.5.1}{Toproll Basics}{chapter.5}% 17
\BOOKMARK [1][-]{section.5.2}{Review of Fibered Categories}{chapter.5}% 18
\BOOKMARK [1][-]{section.5.3}{2-Yoneda Lemma}{chapter.5}% 19
\BOOKMARK [1][-]{section.5.4}{Categories fibered in sets and groupoids}{chapter.5}% 20
\BOOKMARK [0][-]{chapter.6}{Caleb \(Nov 20\): Stacks and Hooks}{}% 21
\BOOKMARK [1][-]{section.6.1}{Pursuing Stacks}{chapter.6}% 22
\BOOKMARK [1][-]{section.6.2}{Hooks}{chapter.6}% 23
\BOOKMARK [0][-]{chapter.7}{Caleb \(Dec 04\): Jacobians I and Shoulder Press}{}% 24
\BOOKMARK [1][-]{section.7.1}{Divisors and Picard Groups}{chapter.7}% 25
\BOOKMARK [1][-]{section.7.2}{Jacobian Functor}{chapter.7}% 26
\BOOKMARK [1][-]{section.7.3}{Relation to Complex Analysis}{chapter.7}% 27
\BOOKMARK [1][-]{section.7.4}{Shoulder Press}{chapter.7}% 28
\BOOKMARK [0][-]{chapter.8}{Caleb \(Dec 11\): Jacobians II and the History of Armwrestling}{}% 29
\BOOKMARK [1][-]{section.8.1}{Construction of the Jacobian}{chapter.8}% 30
\BOOKMARK [1][-]{section.8.2}{Some results about the Jacobian}{chapter.8}% 31
\BOOKMARK [1][-]{section.8.3}{History of Armwrestling}{chapter.8}% 32
