\BOOKMARK [0][-]{section*.1}{Contents}{}% 1
\BOOKMARK [0][-]{chapter.1}{Motivation}{}% 2
\BOOKMARK [1][-]{section.1.1}{A Special Case of CFT}{chapter.1}% 3
\BOOKMARK [1][-]{section.1.2}{Back to Fermat}{chapter.1}% 4
\BOOKMARK [0][-]{chapter.2}{Local Fields}{}% 5
\BOOKMARK [1][-]{section.2.1}{Absolute Values}{chapter.2}% 6
\BOOKMARK [1][-]{section.2.2}{Completions}{chapter.2}% 7
\BOOKMARK [1][-]{section.2.3}{Extension of Absolute Values and Unramified Extensions}{chapter.2}% 8
\BOOKMARK [1][-]{section.2.4}{Unramified Extensions}{chapter.2}% 9
\BOOKMARK [1][-]{section.2.5}{Totally Ramified Extensions}{chapter.2}% 10
\BOOKMARK [1][-]{section.2.6}{Statement of Local Class Field Theory}{chapter.2}% 11
\BOOKMARK [1][-]{section.2.7}{Norm Subgroups}{chapter.2}% 12
\BOOKMARK [0][-]{chapter.3}{Group Cohomology}{}% 13
\BOOKMARK [1][-]{section.3.1}{Definition of Cohomology}{chapter.3}% 14
\BOOKMARK [1][-]{section.3.2}{Change of Groups}{chapter.3}% 15
\BOOKMARK [1][-]{section.3.3}{Group Homology}{chapter.3}% 16
\BOOKMARK [1][-]{section.3.4}{Tate Cohomology}{chapter.3}% 17
\BOOKMARK [0][-]{chapter.4}{Local Class Field Theory}{}% 18
\BOOKMARK [1][-]{section.4.1}{Vanishing of first cohomology}{chapter.4}% 19
\BOOKMARK [1][-]{section.4.2}{Second Cohomology}{chapter.4}% 20
