\BOOKMARK [0][-]{section*.1}{Contents}{}% 1
\BOOKMARK [0][-]{chapter.1}{January 21}{}% 2
\BOOKMARK [1][-]{section.1.1}{Course Description}{chapter.1}% 3
\BOOKMARK [1][-]{section.1.2}{Organization}{chapter.1}% 4
\BOOKMARK [2][-]{subsection.1.2.1}{Notational conventions}{section.1.2}% 5
\BOOKMARK [1][-]{section.1.3}{Basic Notions}{chapter.1}% 6
\BOOKMARK [1][-]{section.1.4}{Symplectic Linear Algebra}{chapter.1}% 7
\BOOKMARK [0][-]{chapter.2}{January 23}{}% 8
\BOOKMARK [1][-]{section.2.1}{More Basic Linear Algebra}{chapter.2}% 9
\BOOKMARK [1][-]{section.2.2}{Compatible Complex Structures and Inner Products}{chapter.2}% 10
\BOOKMARK [0][-]{chapter.3}{January 28}{}% 11
\BOOKMARK [1][-]{section.3.1}{A Big Theorem}{chapter.3}% 12
\BOOKMARK [1][-]{section.3.2}{More Compatibility}{chapter.3}% 13
\BOOKMARK [0][-]{chapter.4}{January 30}{}% 14
\BOOKMARK [1][-]{section.4.1}{Homework Exercises}{chapter.4}% 15
\BOOKMARK [1][-]{section.4.2}{Subspaces of Symplectic Vector Spaces}{chapter.4}% 16
\BOOKMARK [0][-]{chapter.5}{February 4}{}% 17
\BOOKMARK [1][-]{section.5.1}{Linear Algebra, Conclusion}{chapter.5}% 18
\BOOKMARK [1][-]{section.5.2}{Symplectic Vector Bundles}{chapter.5}% 19
\BOOKMARK [0][-]{chapter.6}{February 6}{}% 20
\BOOKMARK [1][-]{section.6.1}{Proof of Theorem 5.11}{chapter.6}% 21
\BOOKMARK [1][-]{section.6.2}{Vector Bundles, Continued}{chapter.6}% 22
\BOOKMARK [1][-]{section.6.3}{Compatible Triples on Manifolds}{chapter.6}% 23
\BOOKMARK [0][-]{chapter.7}{February 11}{}% 24
\BOOKMARK [1][-]{section.7.1}{Obtaining Compatible Triples}{chapter.7}% 25
\BOOKMARK [1][-]{section.7.2}{Complex Structures}{chapter.7}% 26
\BOOKMARK [0][-]{chapter.8}{February 13}{}% 27
\BOOKMARK [1][-]{section.8.1}{K\344hler Forms Continued}{chapter.8}% 28
\BOOKMARK [1][-]{section.8.2}{Some Algebraic Geometry}{chapter.8}% 29
\BOOKMARK [1][-]{section.8.3}{Stein Manifolds}{chapter.8}% 30
\BOOKMARK [0][-]{chapter.9}{February 20}{}% 31
\BOOKMARK [1][-]{section.9.1}{Stein Manifolds Continued}{chapter.9}% 32
\BOOKMARK [1][-]{section.9.2}{Topological Properties of K\344hler Manifolds}{chapter.9}% 33
\BOOKMARK [1][-]{section.9.3}{Complex and Symplectic Structures on 4-Manifolds}{chapter.9}% 34
\BOOKMARK [0][-]{chapter.10}{February 25}{}% 35
\BOOKMARK [1][-]{section.10.1}{Complex Structures in Dimension 4}{chapter.10}% 36
\BOOKMARK [1][-]{section.10.2}{Symplectic Structures in Dimension 4}{chapter.10}% 37
\BOOKMARK [2][-]{subsection.10.2.1}{Seiberg-Witten Invariants}{section.10.2}% 38
\BOOKMARK [0][-]{chapter.11}{February 27}{}% 39
\BOOKMARK [1][-]{section.11.1}{Kodaira-Thurston Manifold}{chapter.11}% 40
\BOOKMARK [1][-]{section.11.2}{Algebraic Topology of X}{chapter.11}% 41
\BOOKMARK [0][-]{chapter.12}{March 3}{}% 42
\BOOKMARK [1][-]{section.12.1}{Topology of Complex Manifolds}{chapter.12}% 43
\BOOKMARK [1][-]{section.12.2}{Chern Classes}{chapter.12}% 44
\BOOKMARK [0][-]{chapter.13}{March 5}{}% 45
\BOOKMARK [1][-]{section.13.1}{Geography Problem}{chapter.13}% 46
\BOOKMARK [1][-]{section.13.2}{Geography of Compact Complex Surfaces}{chapter.13}% 47
\BOOKMARK [2][-]{subsection.13.2.1}{Geography of K\344hler Surfaces}{section.13.2}% 48
\BOOKMARK [1][-]{section.13.3}{Geography of Simply-Connected Symplectic 4-Manifolds}{chapter.13}% 49
\BOOKMARK [2][-]{subsection.13.3.1}{Five Fundamental Problems}{section.13.3}% 50
\BOOKMARK [0][-]{chapter.14}{March 10}{}% 51
\BOOKMARK [1][-]{section.14.1}{Darboux-Moser-Weinstein Local Theory}{chapter.14}% 52
\BOOKMARK [2][-]{subsection.14.1.1}{Moser's Method}{section.14.1}% 53
\BOOKMARK [0][-]{chapter.15}{March 12}{}% 54
\BOOKMARK [1][-]{section.15.1}{S is Symplectic}{chapter.15}% 55
\BOOKMARK [1][-]{section.15.2}{L is Lagrangian}{chapter.15}% 56
\BOOKMARK [0][-]{chapter.16}{March 24}{}% 57
\BOOKMARK [1][-]{section.16.1}{Proof of Lagrangian Neighborhood Theorem}{chapter.16}% 58
\BOOKMARK [0][-]{chapter.17}{March 26}{}% 59
\BOOKMARK [1][-]{section.17.1}{More Local Theory}{chapter.17}% 60
\BOOKMARK [1][-]{section.17.2}{Another Application of Isotopy}{chapter.17}% 61
\BOOKMARK [0][-]{chapter.18}{March 31}{}% 62
\BOOKMARK [1][-]{section.18.1}{Constructions of Symplectic Manifolds Through Surgery}{chapter.18}% 63
\BOOKMARK [2][-]{subsection.18.1.1}{As Smooth Operations}{section.18.1}% 64
\BOOKMARK [2][-]{subsection.18.1.2}{As Symplectic Operations}{section.18.1}% 65
\BOOKMARK [0][-]{chapter.19}{April 2}{}% 66
\BOOKMARK [1][-]{section.19.1}{Complex Blowups}{chapter.19}% 67
\BOOKMARK [0][-]{chapter.20}{April 7}{}% 68
\BOOKMARK [1][-]{section.20.1}{Symplectic Operations}{chapter.20}% 69
\BOOKMARK [0][-]{chapter.21}{April 9}{}% 70
\BOOKMARK [1][-]{section.21.1}{Symplectic Blowdown}{chapter.21}% 71
\BOOKMARK [0][-]{chapter.22}{April 14}{}% 72
\BOOKMARK [1][-]{section.22.1}{Symplectic Fiber Connected Sum}{chapter.22}% 73
\BOOKMARK [0][-]{chapter.23}{April 16}{}% 74
\BOOKMARK [0][-]{chapter.24}{April 21}{}% 75
\BOOKMARK [1][-]{section.24.1}{Luttinger Surgery}{chapter.24}% 76
\BOOKMARK [0][-]{chapter.25}{April 23 and 28}{}% 77
\BOOKMARK [1][-]{section.25.1}{Fundamental Groups of Symplectic Manifolds}{chapter.25}% 78
