\BOOKMARK [0][-]{section*.1}{Contents}{}% 1
\BOOKMARK [0][-]{chapter.1}{Anna \(Sep 25\): Three Approaches to GIT: Overview and Examples}{}% 2
\BOOKMARK [1][-]{section.1.1}{Some Basic Examples}{chapter.1}% 3
\BOOKMARK [1][-]{section.1.2}{Approaches to Taking Quotients}{chapter.1}% 4
\BOOKMARK [2][-]{subsection.1.2.1}{Invariant Theory}{section.1.2}% 5
\BOOKMARK [2][-]{subsection.1.2.2}{\(Semi\)stability}{section.1.2}% 6
\BOOKMARK [0][-]{chapter.2}{Caleb \(Oct 2\): GIT Preliminaries}{}% 7
\BOOKMARK [1][-]{section.2.1}{Properties of Quotients}{chapter.2}% 8
\BOOKMARK [0][-]{chapter.3}{Alex \(Oct 9\): Actions of Reductive Algebraic Groups}{}% 9
\BOOKMARK [1][-]{section.3.1}{Basic Definitions}{chapter.3}% 10
\BOOKMARK [1][-]{section.3.2}{Affine Case}{chapter.3}% 11
\BOOKMARK [1][-]{section.3.3}{Linearization}{chapter.3}% 12
\BOOKMARK [1][-]{section.3.4}{The General Case}{chapter.3}% 13
\BOOKMARK [0][-]{chapter.4}{Patrick \(Oct 16\): Stability}{}% 14
\BOOKMARK [1][-]{section.4.1}{Hilbert-Mumford Stability Criterion}{chapter.4}% 15
\BOOKMARK [1][-]{section.4.2}{Flag Complex}{chapter.4}% 16
\BOOKMARK [1][-]{section.4.3}{Examples of Stability}{chapter.4}% 17
\BOOKMARK [2][-]{subsection.4.3.1}{Points on the Line}{section.4.3}% 18
\BOOKMARK [2][-]{subsection.4.3.2}{Plane Cubics}{section.4.3}% 19
\BOOKMARK [0][-]{chapter.5}{Nicolas \(Oct 23\): More Examples of Stability}{}% 20
\BOOKMARK [1][-]{section.5.1}{Matrices and Conjugation}{chapter.5}% 21
\BOOKMARK [1][-]{section.5.2}{Subschemes of Projective Space}{chapter.5}% 22
\BOOKMARK [0][-]{chapter.6}{Morena \(Oct 30\): GIT and Moduli Problems}{}% 23
\BOOKMARK [1][-]{section.6.1}{Moduli Problems}{chapter.6}% 24
\BOOKMARK [1][-]{section.6.2}{Dealing with Nontrivial Automorphisms}{chapter.6}% 25
\BOOKMARK [2][-]{subsection.6.2.1}{Stacks}{section.6.2}% 26
\BOOKMARK [2][-]{subsection.6.2.2}{Coarse Moduli}{section.6.2}% 27
\BOOKMARK [0][-]{chapter.7}{Morena \(Nov 6\): GIT and Coarse Moduli Problems \(Part 2\)}{}% 28
\BOOKMARK [1][-]{section.7.1}{Moduli of Curves}{chapter.7}% 29
\BOOKMARK [0][-]{chapter.8}{Kuan-Wen \(Nov 13\): GIT and the moment map}{}% 30
\BOOKMARK [1][-]{section.8.1}{Moment maps}{chapter.8}% 31
\BOOKMARK [1][-]{section.8.2}{Comparison of symplectic quotients and GIT quotients}{chapter.8}% 32
