\BOOKMARK [0][-]{section*.1}{Contents}{}% 1
\BOOKMARK [0][-]{chapter.1}{Basics of Homotopy Theory}{}% 2
\BOOKMARK [1][-]{section.1.1}{Categorical Notions}{chapter.1}% 3
\BOOKMARK [1][-]{section.1.2}{Fundamental Group and Groupoid}{chapter.1}% 4
\BOOKMARK [1][-]{section.1.3}{Covering Spaces}{chapter.1}% 5
\BOOKMARK [2][-]{subsection.1.3.1}{Existence of lifts}{section.1.3}% 6
\BOOKMARK [0][-]{chapter.2}{Understanding the Homotopy Category}{}% 7
\BOOKMARK [1][-]{section.2.1}{Homotopy Pushouts}{chapter.2}% 8
\BOOKMARK [1][-]{section.2.2}{Homotopy Pullbacks}{chapter.2}% 9
\BOOKMARK [1][-]{section.2.3}{Fibrations and Cofibrations}{chapter.2}% 10
\BOOKMARK [1][-]{section.2.4}{Homotopy Groups}{chapter.2}% 11
\BOOKMARK [0][-]{chapter.3}{CW Complexes and Homology}{}% 12
\BOOKMARK [1][-]{section.3.1}{K-Spaces}{chapter.3}% 13
\BOOKMARK [1][-]{section.3.2}{Simplicial Complexes}{chapter.3}% 14
\BOOKMARK [1][-]{section.3.3}{CW complexes}{chapter.3}% 15
\BOOKMARK [1][-]{section.3.4}{Eilenberg-Maclane Spaces}{chapter.3}% 16
\BOOKMARK [1][-]{section.3.5}{Eilenberg-Steenrod Axioms}{chapter.3}% 17
\BOOKMARK [1][-]{section.3.6}{Cellular Homology}{chapter.3}% 18
\BOOKMARK [1][-]{section.3.7}{Simplicial Homology}{chapter.3}% 19
\BOOKMARK [1][-]{section.3.8}{Singular Homology}{chapter.3}% 20
\BOOKMARK [1][-]{section.3.9}{Comparison of Homology and Homotopy}{chapter.3}% 21
\BOOKMARK [1][-]{section.3.10}{Homology with Coefficients}{chapter.3}% 22
\BOOKMARK [0][-]{chapter.4}{Cohomology}{}% 23
\BOOKMARK [1][-]{section.4.1}{Multiplicativity}{chapter.4}% 24
\BOOKMARK [1][-]{section.4.2}{Proof of Poincar\351 duality}{chapter.4}% 25
