\BOOKMARK [1][-]{section.1}{Organizational}{}% 1
\BOOKMARK [1][-]{section.2}{Review of Last Semester}{}% 2
\BOOKMARK [2][-]{subsection.2.1}{Lecture 1 \(Jan 22\)}{section.2}% 3
\BOOKMARK [2][-]{subsection.2.2}{Lecture 2 \(Jan 24\)}{section.2}% 4
\BOOKMARK [3][-]{subsubsection.2.2.1}{Inanities}{subsection.2.2}% 5
\BOOKMARK [3][-]{subsubsection.2.2.2}{Review Continued}{subsection.2.2}% 6
\BOOKMARK [1][-]{section.3}{Product Measures and Fubini}{}% 7
\BOOKMARK [2][-]{subsection.3.1}{Lecture 2 continued}{section.3}% 8
\BOOKMARK [2][-]{subsection.3.2}{Lecture 3 \(1/29\)}{section.3}% 9
\BOOKMARK [3][-]{subsubsection.3.2.1}{An Apology}{subsection.3.2}% 10
\BOOKMARK [3][-]{subsubsection.3.2.2}{Product Measures/Fubini Continued}{subsection.3.2}% 11
\BOOKMARK [1][-]{section.4}{Notions of Convergence}{}% 12
\BOOKMARK [2][-]{subsection.4.1}{Lecture 4 \(Jan 31\)}{section.4}% 13
\BOOKMARK [3][-]{subsubsection.4.1.1}{Completeness}{subsection.4.1}% 14
\BOOKMARK [1][-]{section.5}{Compactness}{}% 15
\BOOKMARK [2][-]{subsection.5.1}{Lecture 5 \(Feb 5\)}{section.5}% 16
\BOOKMARK [2][-]{subsection.5.2}{Lecture 6 \(Feb 7\)}{section.5}% 17
\BOOKMARK [3][-]{subsubsection.5.2.1}{Compactness in Infinite Dimensions}{subsection.5.2}% 18
\BOOKMARK [2][-]{subsection.5.3}{Lecture 8 \(Feb 14 \)}{section.5}% 19
\BOOKMARK [3][-]{subsubsection.5.3.1}{Differential Equations}{subsection.5.3}% 20
\BOOKMARK [3][-]{subsubsection.5.3.2}{Digression}{subsection.5.3}% 21
\BOOKMARK [2][-]{subsection.5.4}{Lecture 9 \(Feb 21\)}{section.5}% 22
\BOOKMARK [3][-]{subsubsection.5.4.1}{Differential Equations Continued}{subsection.5.4}% 23
\BOOKMARK [1][-]{section.6}{Banach Spaces}{}% 24
\BOOKMARK [2][-]{subsection.6.1}{Lecture 10 \(Feb 26\)}{section.6}% 25
\BOOKMARK [2][-]{subsection.6.2}{Lecture 11 \(Feb 28\)}{section.6}% 26
\BOOKMARK [2][-]{subsection.6.3}{Lecture 12 \(Mar 5\)}{section.6}% 27
\BOOKMARK [2][-]{subsection.6.4}{Lecture 13 \(Mar 7\)}{section.6}% 28
\BOOKMARK [2][-]{subsection.6.5}{Lecture 14 \(Mar 19\)}{section.6}% 29
\BOOKMARK [2][-]{subsection.6.6}{Lecture 15 \(Mar 21\)}{section.6}% 30
\BOOKMARK [1][-]{section.7}{Hilbert Spaces}{}% 31
\BOOKMARK [2][-]{subsection.7.1}{Lecture 16 \(Mar 26\)}{section.7}% 32
\BOOKMARK [2][-]{subsection.7.2}{Lecture 17 \(Mar 28\)}{section.7}% 33
\BOOKMARK [2][-]{subsection.7.3}{Lecture 18 \(Apr 02\)}{section.7}% 34
\BOOKMARK [3][-]{subsubsection.7.3.1}{Adjoints}{subsection.7.3}% 35
\BOOKMARK [2][-]{subsection.7.4}{Lecture 19 \(Apr 04\)}{section.7}% 36
\BOOKMARK [2][-]{subsection.7.5}{Lecture 20 \(Apr 09\)}{section.7}% 37
\BOOKMARK [2][-]{subsection.7.6}{Lecture 21 \(Apr 11\)}{section.7}% 38
\BOOKMARK [1][-]{section.8}{Fourier Series}{}% 39
\BOOKMARK [2][-]{subsection.8.1}{Lecture 22 \(Apr 16\)}{section.8}% 40
\BOOKMARK [3][-]{subsubsection.8.1.1}{Distributions and Fourier Transform}{subsection.8.1}% 41
\BOOKMARK [2][-]{subsection.8.2}{Lecture 23 \(Apr 18\)}{section.8}% 42
\BOOKMARK [3][-]{subsubsection.8.2.1}{Weak Derivatives}{subsection.8.2}% 43
\BOOKMARK [2][-]{subsection.8.3}{Lecture 24 \(Apr 23\)}{section.8}% 44
\BOOKMARK [2][-]{subsection.8.4}{Lecture 25 \(Apr 25\)}{section.8}% 45
\BOOKMARK [3][-]{subsubsection.8.4.1}{Yet another differential equation}{subsection.8.4}% 46
\BOOKMARK [2][-]{subsection.8.5}{Lecture 26 \(Apr 30\)}{section.8}% 47
