\BOOKMARK [1][-]{section.1}{Organizational/Philosophical}{}% 1
\BOOKMARK [1][-]{section.2}{Affine Plane Curves}{}% 2
\BOOKMARK [2][-]{subsection.2.1}{Lecture 1 \(Jan 22\)}{section.2}% 3
\BOOKMARK [3][-]{subsubsection.2.1.1}{Enumerative Geometry}{subsection.2.1}% 4
\BOOKMARK [3][-]{subsubsection.2.1.2}{Basic Notions}{subsection.2.1}% 5
\BOOKMARK [3][-]{subsubsection.2.1.3}{Abelian Integrals}{subsection.2.1}% 6
\BOOKMARK [2][-]{subsection.2.2}{Lecture 2 \(Jan 24\)}{section.2}% 7
\BOOKMARK [3][-]{subsubsection.2.2.1}{Non-Mathematics}{subsection.2.2}% 8
\BOOKMARK [3][-]{subsubsection.2.2.2}{Rational Curves Continued}{subsection.2.2}% 9
\BOOKMARK [3][-]{subsubsection.2.2.3}{Elliptic Curves}{subsection.2.2}% 10
\BOOKMARK [3][-]{subsubsection.2.2.4}{Non-singularity of plane curves}{subsection.2.2}% 11
\BOOKMARK [1][-]{section.3}{Affine Zariski-Closed Sets}{}% 12
\BOOKMARK [2][-]{subsection.3.1}{Lecture 3 \(Jan 29\)}{section.3}% 13
\BOOKMARK [2][-]{subsection.3.2}{Lecture 4 \(Jan 31\)}{section.3}% 14
\BOOKMARK [3][-]{subsubsection.3.2.1}{Zariski Topology on An}{subsection.3.2}% 15
\BOOKMARK [2][-]{subsection.3.3}{Lecture 5 \(Feb 5\)}{section.3}% 16
\BOOKMARK [3][-]{subsubsection.3.3.1}{Macaulay 2 Interlude}{subsection.3.3}% 17
\BOOKMARK [3][-]{subsubsection.3.3.2}{Morphisms of Affine Closed Sets}{subsection.3.3}% 18
\BOOKMARK [2][-]{subsection.3.4}{Lecture 6 \(Feb 7\)}{section.3}% 19
\BOOKMARK [3][-]{subsubsection.3.4.1}{Morphisms Continued}{subsection.3.4}% 20
\BOOKMARK [2][-]{subsection.3.5}{Lecture 7 \(Feb 14 \)}{section.3}% 21
\BOOKMARK [3][-]{subsubsection.3.5.1}{Rational Maps}{subsection.3.5}% 22
\BOOKMARK [3][-]{subsubsection.3.5.2}{Dimension}{subsection.3.5}% 23
\BOOKMARK [1][-]{section.4}{Projective Space}{}% 24
\BOOKMARK [2][-]{subsection.4.1}{Lecture 8 \(Feb 21, given by Luca Schaffler\)}{section.4}% 25
\BOOKMARK [3][-]{subsubsection.4.1.1}{Affine Constructions}{subsection.4.1}% 26
\BOOKMARK [3][-]{subsubsection.4.1.2}{Irreducibility}{subsection.4.1}% 27
\BOOKMARK [3][-]{subsubsection.4.1.3}{Projective and Quasiprojective Varieties}{subsection.4.1}% 28
\BOOKMARK [2][-]{subsection.4.2}{Lecture 9 \(Feb 26\)}{section.4}% 29
\BOOKMARK [2][-]{subsection.4.3}{Lecture 10 \(Feb 28\)}{section.4}% 30
\BOOKMARK [3][-]{subsubsection.4.3.1}{Products}{subsection.4.3}% 31
\BOOKMARK [2][-]{subsection.4.4}{Lecture 11 \(Mar 5\)}{section.4}% 32
\BOOKMARK [2][-]{subsection.4.5}{Lecture 12 \(Mar 7\)}{section.4}% 33
\BOOKMARK [1][-]{section.5}{Local Properties}{}% 34
\BOOKMARK [2][-]{subsection.5.1}{Lecture 13 \(Mar 19\)}{section.5}% 35
\BOOKMARK [3][-]{subsubsection.5.1.1}{Tangent space}{subsection.5.1}% 36
\BOOKMARK [2][-]{subsection.5.2}{Lecture 14 \(Mar 21\)}{section.5}% 37
\BOOKMARK [3][-]{subsubsection.5.2.1}{Tangent Cone}{subsection.5.2}% 38
\BOOKMARK [2][-]{subsection.5.3}{Lecture 15 \(Mar 26\)}{section.5}% 39
\BOOKMARK [2][-]{subsection.5.4}{Lecture 16 \(Mar 28\)}{section.5}% 40
\BOOKMARK [3][-]{subsubsection.5.4.1}{Blowups}{subsection.5.4}% 41
\BOOKMARK [2][-]{subsection.5.5}{Lecture 17 \(Apr 02\)}{section.5}% 42
\BOOKMARK [3][-]{subsubsection.5.5.1}{Local Blowup II}{subsection.5.5}% 43
\BOOKMARK [2][-]{subsection.5.6}{Lecture 18 \(Apr 04\)}{section.5}% 44
\BOOKMARK [3][-]{subsubsection.5.6.1}{Normal Varieties}{subsection.5.6}% 45
\BOOKMARK [2][-]{subsection.5.7}{Lecture 19 \(Apr 09\)}{section.5}% 46
\BOOKMARK [3][-]{subsubsection.5.7.1}{Differential of a regular map}{subsection.5.7}% 47
\BOOKMARK [3][-]{subsubsection.5.7.2}{Normal Varieties Continued}{subsection.5.7}% 48
\BOOKMARK [2][-]{subsection.5.8}{Lecture 20 \(Apr 11\)}{section.5}% 49
\BOOKMARK [3][-]{subsubsection.5.8.1}{Normalization}{subsection.5.8}% 50
\BOOKMARK [2][-]{subsection.5.9}{Lecture 21 \(Apr 16\)}{section.5}% 51
\BOOKMARK [1][-]{section.6}{Divisors}{}% 52
\BOOKMARK [2][-]{subsection.6.1}{Lecture 22 \(Apr 18\)}{section.6}% 53
\BOOKMARK [3][-]{subsubsection.6.1.1}{Divisors of rational maps to \266n}{subsection.6.1}% 54
\BOOKMARK [2][-]{subsection.6.2}{Lecture 23 \(Apr 23\)}{section.6}% 55
\BOOKMARK [2][-]{subsection.6.3}{Lecture 24 \(Apr 25\)}{section.6}% 56
\BOOKMARK [1][-]{section.7}{Regular Differential Forms}{}% 57
\BOOKMARK [2][-]{subsection.7.1}{Lecture 25 \(Apr 30\)}{section.7}% 58
