\BOOKMARK [0][-]{section*.1}{Contents}{}% 1
\BOOKMARK [0][-]{chapter.1}{Lebesgue Measure}{}% 2
\BOOKMARK [1][-]{section.1.1}{Motivation for the Course}{chapter.1}% 3
\BOOKMARK [1][-]{section.1.2}{Basic Notions}{chapter.1}% 4
\BOOKMARK [1][-]{section.1.3}{Rectangles}{chapter.1}% 5
\BOOKMARK [1][-]{section.1.4}{Outer Measure}{chapter.1}% 6
\BOOKMARK [1][-]{section.1.5}{Measurable Sets}{chapter.1}% 7
\BOOKMARK [1][-]{section.1.6}{Measurable Functions}{chapter.1}% 8
\BOOKMARK [0][-]{chapter.2}{Integration}{}% 9
\BOOKMARK [1][-]{section.2.1}{Defining the Integral}{chapter.2}% 10
\BOOKMARK [1][-]{section.2.2}{Some Convergence Results}{chapter.2}% 11
\BOOKMARK [1][-]{section.2.3}{Vector Space of Integrable Functions}{chapter.2}% 12
\BOOKMARK [1][-]{section.2.4}{Symmetries}{chapter.2}% 13
\BOOKMARK [0][-]{chapter.3}{Differentiation}{}% 14
\BOOKMARK [1][-]{section.3.1}{Integration and Differentiation}{chapter.3}% 15
\BOOKMARK [1][-]{section.3.2}{Kernels}{chapter.3}% 16
\BOOKMARK [1][-]{section.3.3}{Differentiation}{chapter.3}% 17
\BOOKMARK [1][-]{section.3.4}{Bounded Variation}{chapter.3}% 18
\BOOKMARK [1][-]{section.3.5}{Absolute Continuity}{chapter.3}% 19
\BOOKMARK [0][-]{chapter.4}{General Measures}{}% 20
\BOOKMARK [1][-]{section.4.1}{Outer Measures}{chapter.4}% 21
\BOOKMARK [1][-]{section.4.2}{Results and Applications}{chapter.4}% 22
\BOOKMARK [1][-]{section.4.3}{Signed Measures}{chapter.4}% 23
