\BOOKMARK [0][-]{section*.1}{\376\377\000C\000o\000n\000t\000e\000n\000t\000s}{}% 1
\BOOKMARK [0][-]{chapter.1}{\376\377\000V\000i\000r\000a\000s\000o\000r\000o\000\040\000c\000o\000n\000s\000t\000r\000a\000i\000n\000t\000s\000\040\000i\000n\000\040\000e\000n\000u\000m\000e\000r\000a\000t\000i\000v\000e\000\040\000g\000e\000o\000m\000e\000t\000r\000y\000\040\000\050\000A\000l\000e\000x\000e\000i\000\040\000O\000b\000l\000o\000m\000k\000o\000v\000\051}{}% 2
\BOOKMARK [1][-]{section.1.1}{\376\377\000G\000W\000/\000H\000u\000r\000w\000i\000t\000z\000\040\000c\000o\000r\000r\000e\000s\000p\000o\000n\000d\000e\000n\000c\000e\000\040\000f\000o\000r\000\040\000c\000u\000r\000v\000e\000s}{chapter.1}% 3
\BOOKMARK [2][-]{subsection.1.1.1}{\376\377\000H\000u\000r\000w\000i\000t\000z\000\040\000t\000h\000e\000o\000r\000y}{section.1.1}% 4
\BOOKMARK [2][-]{subsection.1.1.2}{\376\377\000G\000W\000/\000H\000u\000r\000w\000i\000t\000z\000\040\000c\000o\000r\000r\000e\000s\000p\000o\000n\000d\000e\000n\000c\000e}{section.1.1}% 5
\BOOKMARK [2][-]{subsection.1.1.3}{\376\377\000P\000a\000n\000d\000h\000a\000r\000i\000p\000a\000n\000d\000e\000-\000T\000h\000o\000m\000a\000s\000\040\000t\000h\000e\000o\000r\000y}{section.1.1}% 6
\BOOKMARK [2][-]{subsection.1.1.4}{\376\377\000I\000d\000e\000a\000\040\000o\000f\000\040\000p\000r\000o\000o\000f\000\040\000o\000f\000\040\000G\000W\000/\000H\000u\000r\000w\000i\000t\000z}{section.1.1}% 7
\BOOKMARK [2][-]{subsection.1.1.5}{\376\377\000F\000o\000c\000k\000\040\000s\000p\000a\000c\000e}{section.1.1}% 8
\BOOKMARK [1][-]{section.1.2}{\376\377\000E\000q\000u\000i\000v\000a\000r\000i\000a\000n\000t\000\040\000G\000r\000o\000m\000o\000v\000-\000W\000i\000t\000t\000e\000n\000\040\000t\000h\000e\000o\000r\000y\000\040\000o\000f\000\040\000\266\0001}{chapter.1}% 9
\BOOKMARK [2][-]{subsection.1.2.1}{\376\377\000L\000o\000c\000a\000l\000i\000z\000a\000t\000i\000o\000n\000\040\000i\000n\000\040\000G\000r\000o\000m\000o\000v\000-\000W\000i\000t\000t\000e\000n\000\040\000t\000h\000e\000o\000r\000y}{section.1.2}% 10
\BOOKMARK [2][-]{subsection.1.2.2}{\376\377\000H\000o\000d\000g\000e\000\040\000i\000n\000t\000e\000g\000r\000a\000l\000s}{section.1.2}% 11
\BOOKMARK [2][-]{subsection.1.2.3}{\376\377\000A\000p\000p\000l\000i\000c\000a\000t\000i\000o\000n\000\040\000t\000o\000\040\000G\000r\000o\000m\000o\000v\000-\000W\000i\000t\000t\000e\000n\000\040\000t\000h\000e\000o\000r\000y}{section.1.2}% 12
\BOOKMARK [2][-]{subsection.1.2.4}{\376\377\000D\000r\000e\000s\000s\000i\000n\000g\000\040\000o\000p\000e\000r\000a\000t\000o\000r}{section.1.2}% 13
\BOOKMARK [1][-]{section.1.3}{\376\377\000G\000W\000/\000P\000T\000\040\000c\000o\000r\000r\000e\000s\000p\000o\000n\000d\000e\000n\000c\000e}{chapter.1}% 14
\BOOKMARK [2][-]{subsection.1.3.1}{\376\377\000D\000e\000s\000c\000e\000n\000d\000e\000n\000t\000s\000\040\000i\000n\000\040\000P\000T\000\040\000t\000h\000e\000o\000r\000y}{section.1.3}% 15
\BOOKMARK [2][-]{subsection.1.3.2}{\376\377\000M\000a\000t\000c\000h\000i\000n\000g\000\040\000G\000W\000\040\000a\000n\000d\000\040\000P\000T\000\040\000d\000e\000s\000c\000e\000n\000d\000e\000n\000t\000s}{section.1.3}% 16
\BOOKMARK [2][-]{subsection.1.3.3}{\376\377\000G\000W\000/\000P\000T\000\040\000c\000o\000r\000r\000e\000s\000p\000o\000n\000d\000e\000n\000c\000e\000\040\000w\000i\000t\000h\000\040\000d\000e\000s\000c\000e\000n\000d\000e\000n\000t\000s}{section.1.3}% 17
\BOOKMARK [2][-]{subsection.1.3.4}{\376\377\000V\000i\000r\000a\000s\000o\000r\000o\000\040\000c\000o\000n\000s\000t\000r\000a\000i\000n\000t\000s\000\040\000i\000n\000\040\000P\000T\000\040\000t\000h\000e\000o\000r\000y}{section.1.3}% 18
\BOOKMARK [0][-]{chapter.2}{\376\377\000C\000o\000u\000n\000t\000i\000n\000g\000\040\000c\000u\000r\000v\000e\000s\000\040\000i\000n\000\040\0001\000,\000\040\0003\000,\000\040\000a\000n\000d\000\040\0005\000\040\000d\000i\000m\000e\000n\000s\000i\000o\000n\000s\000\040\000\050\000A\000n\000d\000r\000e\000i\000\040\000O\000k\000o\000u\000n\000k\000o\000v\000\051}{}% 19
\BOOKMARK [1][-]{section.2.1}{\376\377\000C\000o\000u\000n\000t\000i\000n\000g\000\040\000c\000u\000r\000v\000e\000s\000\040\000i\000n\000\040\0001\000\040\000d\000i\000m\000e\000n\000s\000i\000o\000n}{chapter.2}% 20
\BOOKMARK [2][-]{subsection.2.1.1}{\376\377\000M\000o\000r\000e\000\040\000a\000l\000g\000e\000b\000r\000a\000i\000c\000\040\000w\000a\000y\000\040\000t\000o\000\040\000t\000h\000i\000n\000k\000\040\000a\000b\000o\000u\000t\000\040\000c\000h\000a\000r\000a\000c\000t\000e\000r\000s\000\040\000o\000f\000\040\000S\000\050\000d\000\051}{section.2.1}% 21
\BOOKMARK [2][-]{subsection.2.1.2}{\376\377\000G\000r\000o\000m\000o\000v\000-\000W\000i\000t\000t\000e\000n\000/\000H\000u\000r\000w\000i\000t\000z\000\040\000c\000o\000r\000r\000e\000s\000p\000o\000n\000d\000e\000n\000c\000e}{section.2.1}% 22
\BOOKMARK [2][-]{subsection.2.1.3}{\376\377\000R\000o\000l\000e\000\040\000o\000f\000\040\000i\000n\000t\000e\000g\000r\000a\000b\000l\000e\000\040\000s\000y\000s\000t\000e\000m\000s}{section.2.1}% 23
\BOOKMARK [1][-]{section.2.2}{\376\377\000C\000o\000u\000n\000t\000i\000n\000g\000\040\000c\000u\000r\000v\000e\000s\000\040\000i\000n\000\040\0003\000\040\000d\000i\000m\000e\000n\000s\000i\000o\000n\000s}{chapter.2}% 24
\BOOKMARK [2][-]{subsection.2.2.1}{\376\377\000D\000o\000n\000a\000l\000d\000s\000o\000n\000-\000T\000h\000o\000m\000a\000s\000\040\000t\000h\000e\000o\000r\000y}{section.2.2}% 25
\BOOKMARK [2][-]{subsection.2.2.2}{\376\377\000R\000e\000l\000a\000t\000i\000v\000e\000\040\000c\000o\000n\000d\000i\000t\000i\000o\000n\000s\000\040\000i\000n\000\040\000D\000T\000\040\000t\000h\000e\000o\000r\000y}{section.2.2}% 26
\BOOKMARK [2][-]{subsection.2.2.3}{\376\377\000R\000o\000l\000e\000\040\000o\000f\000\040\000q\000u\000a\000n\000t\000u\000m\000\040\000g\000r\000o\000u\000p\000s}{section.2.2}% 27
\BOOKMARK [2][-]{subsection.2.2.4}{\376\377\000Q\000u\000a\000n\000t\000u\000m\000\040\000l\000o\000o\000p\000\040\000a\000l\000g\000e\000b\000r\000a}{section.2.2}% 28
\BOOKMARK [2][-]{subsection.2.2.5}{\376\377\000S\000o\000m\000e\000\040\000m\000o\000r\000e\000\040\000c\000u\000r\000v\000e\000\040\000c\000o\000u\000n\000t\000i\000n\000g}{section.2.2}% 29
\BOOKMARK [2][-]{subsection.2.2.6}{\376\377\000q\000K\000Z\000\040\000e\000q\000u\000a\000t\000i\000o\000n}{section.2.2}% 30
\BOOKMARK [2][-]{subsection.2.2.7}{\376\377\000S\000t\000a\000b\000l\000e\000\040\000e\000n\000v\000e\000l\000o\000p\000e\000s}{section.2.2}% 31
\BOOKMARK [2][-]{subsection.2.2.8}{\376\377\000F\000r\000o\000m\000\040\000e\000n\000u\000m\000e\000r\000a\000t\000i\000v\000e\000\040\000g\000e\000o\000m\000e\000t\000r\000y\000\040\000t\000o\000\040\000q\000u\000a\000n\000t\000u\000m\000\040\000i\000n\000t\000e\000g\000r\000a\000b\000l\000e\000\040\000s\000y\000s\000t\000e\000m\000s}{section.2.2}% 32
\BOOKMARK [2][-]{subsection.2.2.9}{\376\377\000E\000l\000l\000i\000p\000t\000i\000c\000\040\000c\000o\000h\000o\000m\000o\000l\000o\000g\000y}{section.2.2}% 33
\BOOKMARK [2][-]{subsection.2.2.10}{\376\377\000C\000o\000m\000p\000u\000t\000a\000t\000i\000o\000n\000s\000\040\000i\000n\000\040\000e\000l\000l\000i\000p\000t\000i\000c\000\040\000c\000o\000h\000o\000m\000o\000l\000o\000g\000y\000\040\000o\000f\000\040\000`\0003\003\001\0009\000`\0004\0002\000`\000"\003\007\0006\0001\0003\000A\000`\000`\0004\0005\000`\0004\0007\000`\000"\0006\0000\0003\000A\000H\000i\000l\000b\000\050\000C\0002\000,\000\040\000n\000\051}{section.2.2}% 34
\BOOKMARK [2][-]{subsection.2.2.11}{\376\377\000Q\000u\000a\000n\000t\000u\000m\000\040\000q\000-\000d\000i\000f\000f\000e\000r\000e\000n\000c\000e\000\040\000e\000q\000u\000a\000t\000i\000o\000n\000s}{section.2.2}% 35
\BOOKMARK [2][-]{subsection.2.2.12}{\376\377\000A\000n\000\040\000o\000p\000e\000n\000\040\000p\000r\000o\000b\000l\000e\000m}{section.2.2}% 36
\BOOKMARK [0][-]{chapter.3}{\376\377\000D\000o\000u\000b\000l\000e\000\040\000r\000a\000m\000i\000f\000i\000c\000a\000t\000i\000o\000n\000\040\000c\000y\000c\000l\000e\000s\000\040\000a\000n\000d\000\040\000i\000n\000t\000e\000g\000r\000a\000b\000l\000e\000\040\000h\000i\000e\000r\000a\000r\000c\000h\000e\000s\000\040\000\050\000P\000a\000o\000l\000o\000\040\000R\000o\000s\000s\000i\000\051}{}% 37
\BOOKMARK [1][-]{section.3.1}{\376\377\000I\000n\000t\000e\000g\000r\000a\000b\000l\000e\000\040\000s\000y\000s\000t\000e\000m\000s}{chapter.3}% 38
\BOOKMARK [2][-]{subsection.3.1.1}{\376\377\000N\000o\000t\000a\000t\000i\000o\000n\000\040\000a\000n\000d\000\040\000f\000o\000r\000m\000a\000l\000i\000s\000m}{section.3.1}% 39
\BOOKMARK [2][-]{subsection.3.1.2}{\376\377\000P\000o\000i\000s\000s\000o\000n\000\040\000s\000t\000r\000u\000c\000t\000u\000r\000e}{section.3.1}% 40
\BOOKMARK [2][-]{subsection.3.1.3}{\376\377\000S\000y\000s\000t\000e\000m\000\040\000o\000f\000\040\000e\000v\000o\000l\000u\000t\000i\000o\000n\000a\000r\000y\000\040\000P\000D\000E\000s}{section.3.1}% 41
\BOOKMARK [0][-]{chapter.4}{\376\377\000A\000i\000r\000y\000\040\000i\000d\000e\000a\000l\000s\000\040\000a\000n\000d\000\040\000t\000o\000p\000o\000l\000o\000g\000i\000c\000a\000l\000\040\000r\000e\000c\000u\000r\000s\000i\000o\000n\000:\000\040\000a\000n\000\040\000i\000n\000v\000e\000s\000t\000i\000g\000a\000t\000i\000v\000e\000\040\000t\000o\000o\000l\000\040\000f\000o\000r\000\040\000e\000n\000u\000m\000e\000r\000a\000t\000i\000v\000e\000\040\000g\000e\000o\000m\000e\000t\000r\000y\000,\000\040\000V\000O\000A\000s\000,\000\040\000a\000n\000d\000\040\000g\000a\000u\000g\000e\000\040\000t\000h\000e\000o\000r\000i\000e\000s\000\040\000\050\000V\000i\000n\000c\000e\000n\000t\000\040\000B\000o\000u\000c\000h\000a\000r\000d\000\051}{}% 42
\BOOKMARK [1][-]{section.4.1}{\376\377\000W\000i\000t\000t\000e\000n\000'\000s\000\040\000c\000o\000n\000j\000e\000c\000t\000u\000r\000e}{chapter.4}% 43
\BOOKMARK [2][-]{subsection.4.1.1}{\376\377\000R\000e\000f\000o\000r\000m\000u\000l\000a\000t\000i\000o\000n\000\040\000a\000s\000\040\000d\000i\000f\000f\000e\000r\000e\000n\000t\000i\000a\000l\000\040\000c\000o\000n\000s\000t\000r\000a\000i\000n\000t\000s\000\040\000f\000o\000r\000\040\000Z}{section.4.1}% 44
\BOOKMARK [2][-]{subsection.4.1.2}{\376\377\000P\000o\000t\000e\000n\000t\000i\000a\000l\000\040\000g\000e\000n\000e\000r\000a\000l\000i\000z\000a\000t\000i\000o\000n\000s}{section.4.1}% 45
\BOOKMARK [1][-]{section.4.2}{\376\377\000A\000i\000r\000y\000\040\000s\000t\000r\000u\000c\000t\000u\000r\000e\000s}{chapter.4}% 46
\BOOKMARK [2][-]{subsection.4.2.1}{\376\377\000W\000e\000y\000l\000\040\000a\000l\000g\000e\000b\000r\000a\000\040\000a\000n\000d\000\040\000m\000o\000d\000u\000l\000e\000s}{section.4.2}% 47
\BOOKMARK [2][-]{subsection.4.2.2}{\376\377\000C\000h\000a\000r\000a\000c\000t\000e\000r\000i\000z\000a\000t\000i\000o\000n\000\040\000o\000f\000\040\000i\000d\000e\000a\000l\000s\000\040\000s\000o\000l\000v\000i\000n\000g\000\040\000o\000u\000r\000\040\000p\000r\000o\000b\000l\000e\000m}{section.4.2}% 48
\BOOKMARK [0][-]{section*.3}{\376\377\000B\000i\000b\000l\000i\000o\000g\000r\000a\000p\000h\000y}{}% 49
