\BOOKMARK [0][-]{section*.1}{Contents}{}% 1
\BOOKMARK [0][-]{chapter.1}{Overview}{}% 2
\BOOKMARK [0][-]{chapter.2}{MMP in Dimension 3}{}% 3
\BOOKMARK [1][-]{section.2.1}{Rational Curves}{chapter.2}% 4
\BOOKMARK [1][-]{section.2.2}{Singularities of the MMP}{chapter.2}% 5
\BOOKMARK [1][-]{section.2.3}{Vanishing}{chapter.2}% 6
\BOOKMARK [1][-]{section.2.4}{Cone Theorems}{chapter.2}% 7
\BOOKMARK [2][-]{subsection.2.4.1}{Proof of the Cone Theorem}{section.2.4}% 8
\BOOKMARK [2][-]{subsection.2.4.2}{Nonvanishing and Rationality}{section.2.4}% 9
\BOOKMARK [2][-]{subsection.2.4.3}{The Relative Case}{section.2.4}% 10
\BOOKMARK [1][-]{section.2.5}{Running the Minimal Model Program}{chapter.2}% 11
\BOOKMARK [2][-]{subsection.2.5.1}{Flipping Contractions and Flips}{section.2.5}% 12
\BOOKMARK [2][-]{subsection.2.5.2}{Finite generation of the canonical ring}{section.2.5}% 13
\BOOKMARK [2][-]{subsection.2.5.3}{Running the MMP}{section.2.5}% 14
\BOOKMARK [1][-]{section.2.6}{More about singularities}{chapter.2}% 15
\BOOKMARK [2][-]{subsection.2.6.1}{Surface singularities}{section.2.6}% 16
\BOOKMARK [2][-]{subsection.2.6.2}{Geography of singularities}{section.2.6}% 17
\BOOKMARK [1][-]{section.2.7}{Duality Theory}{chapter.2}% 18
\BOOKMARK [1][-]{section.2.8}{Terminal threefold MMP}{chapter.2}% 19
\BOOKMARK [1][-]{section.2.9}{Applications to Singularities}{chapter.2}% 20
