\BOOKMARK [0][-]{section*.1}{\376\377\000C\000o\000n\000t\000e\000n\000t\000s}{}% 1
\BOOKMARK [0][-]{chapter.1}{\376\377\000C\000a\000l\000e\000b\000\040\000\050\000J\000a\000n\000\040\0002\0002\000\051\000:\000\040\000R\000a\000t\000i\000o\000n\000a\000l\000\040\000E\000q\000u\000i\000v\000a\000l\000e\000n\000c\000e}{}% 2
\BOOKMARK [1][-]{section.1.1}{\376\377\000C\000h\000o\000w\000\040\000G\000r\000o\000u\000p\000s}{chapter.1}% 3
\BOOKMARK [1][-]{section.1.2}{\376\377\000P\000u\000s\000h\000f\000o\000r\000w\000a\000r\000d\000\040\000o\000f\000\040\000C\000y\000c\000l\000e\000s}{chapter.1}% 4
\BOOKMARK [1][-]{section.1.3}{\376\377\000A\000l\000t\000e\000r\000n\000a\000t\000i\000v\000e\000\040\000D\000e\000f\000i\000n\000i\000t\000i\000o\000n\000\040\000o\000f\000\040\000R\000a\000t\000i\000o\000n\000a\000l\000\040\000E\000q\000u\000i\000v\000a\000l\000e\000n\000c\000e}{chapter.1}% 5
\BOOKMARK [0][-]{chapter.2}{\376\377\000A\000v\000i\000\040\000\050\000J\000a\000n\000\040\0002\0009\000\051\000:\000\040\000I\000n\000t\000e\000r\000s\000e\000c\000t\000i\000n\000g\000\040\000w\000i\000t\000h\000\040\000d\000i\000v\000i\000s\000o\000r\000s\000\040\000a\000n\000d\000\040\000t\000h\000e\000\040\000f\000i\000r\000s\000t\000\040\000C\000h\000e\000r\000n\000\040\000c\000l\000a\000s\000s}{}% 6
\BOOKMARK [1][-]{section.2.1}{\376\377\000C\000a\000r\000t\000i\000e\000r\000\040\000a\000n\000d\000\040\000W\000e\000i\000l\000\040\000d\000i\000v\000i\000s\000o\000r\000s}{chapter.2}% 7
\BOOKMARK [1][-]{section.2.2}{\376\377\000P\000s\000e\000u\000d\000o\000-\000d\000i\000v\000i\000s\000o\000r\000s}{chapter.2}% 8
\BOOKMARK [1][-]{section.2.3}{\376\377\000I\000n\000t\000e\000r\000s\000e\000c\000t\000i\000n\000g\000\040\000w\000i\000t\000h\000\040\000d\000i\000v\000i\000s\000o\000r\000s}{chapter.2}% 9
\BOOKMARK [1][-]{section.2.4}{\376\377\000C\000o\000m\000m\000u\000t\000a\000t\000i\000v\000i\000t\000y}{chapter.2}% 10
\BOOKMARK [1][-]{section.2.5}{\376\377\000T\000h\000e\000\040\000f\000i\000r\000s\000t\000\040\000C\000h\000e\000r\000n\000\040\000c\000l\000a\000s\000s}{chapter.2}% 11
\BOOKMARK [1][-]{section.2.6}{\376\377\000T\000h\000e\000\040\000G\000y\000s\000i\000n\000\040\000m\000a\000p}{chapter.2}% 12
\BOOKMARK [0][-]{chapter.3}{\376\377\000A\000l\000e\000x\000\040\000\050\000F\000e\000b\000\040\0000\0005\000\051\000:\000\040\000C\000h\000e\000r\000n\000\040\000c\000l\000a\000s\000s\000e\000s\000\040\000a\000n\000d\000\040\000S\000e\000g\000r\000e\000\040\000c\000l\000a\000s\000s\000e\000s\000\040\000o\000f\000\040\000v\000e\000c\000t\000o\000r\000\040\000b\000u\000n\000d\000l\000e\000s}{}% 13
\BOOKMARK [1][-]{section.3.1}{\376\377\000C\000h\000e\000r\000n\000\040\000a\000n\000d\000\040\000S\000e\000g\000r\000e\000\040\000C\000l\000a\000s\000s\000e\000s}{chapter.3}% 14
\BOOKMARK [1][-]{section.3.2}{\376\377\000S\000p\000l\000i\000t\000t\000i\000n\000g\000\040\000P\000r\000i\000n\000c\000i\000p\000l\000e}{chapter.3}% 15
\BOOKMARK [1][-]{section.3.3}{\376\377\000R\000a\000t\000i\000o\000n\000a\000l\000\040\000e\000q\000u\000i\000v\000a\000l\000e\000n\000c\000e\000\040\000o\000f\000\040\000b\000u\000n\000d\000l\000e\000s}{chapter.3}% 16
\BOOKMARK [0][-]{chapter.4}{\376\377\000P\000a\000t\000r\000i\000c\000k\000\040\000\050\000F\000e\000b\000\040\0001\0002\000\051\000:\000\040\000C\000o\000n\000e\000s\000:\000\040\000b\000e\000c\000a\000u\000s\000e\000\040\000n\000o\000t\000\040\000e\000v\000e\000r\000y\000\040\000c\000o\000h\000e\000r\000e\000n\000t\000\040\000s\000h\000e\000a\000f\000\040\000i\000s\000\040\000l\000o\000c\000a\000l\000l\000y\000\040\000f\000r\000e\000e}{}% 17
\BOOKMARK [1][-]{section.4.1}{\376\377\000C\000o\000n\000e\000s\000\040\000a\000n\000d\000\040\000S\000e\000g\000r\000e\000\040\000C\000l\000a\000s\000s\000e\000s}{chapter.4}% 18
\BOOKMARK [2][-]{subsection.4.1.1}{\376\377\000C\000o\000n\000e\000s}{section.4.1}% 19
\BOOKMARK [2][-]{subsection.4.1.2}{\376\377\000S\000e\000g\000r\000e\000\040\000C\000l\000a\000s\000s\000\040\000o\000f\000\040\000a\000\040\000S\000u\000b\000v\000a\000r\000i\000e\000t\000y}{section.4.1}% 20
\BOOKMARK [2][-]{subsection.4.1.3}{\376\377\000M\000u\000l\000t\000i\000p\000l\000i\000c\000i\000t\000y}{section.4.1}% 21
\BOOKMARK [2][-]{subsection.4.1.4}{\376\377\000L\000i\000n\000e\000a\000r\000\040\000S\000y\000s\000t\000e\000m\000s}{section.4.1}% 22
\BOOKMARK [1][-]{section.4.2}{\376\377\000D\000e\000f\000o\000r\000m\000a\000t\000i\000o\000n\000\040\000t\000o\000\040\000t\000h\000e\000\040\000N\000o\000r\000m\000a\000l\000\040\000C\000o\000n\000e}{chapter.4}% 23
\BOOKMARK [0][-]{chapter.5}{\376\377\000C\000a\000l\000e\000b\000\040\000\050\000F\000e\000b\000\040\0001\0009\000\051\000:\000\040\000C\000h\000e\000r\000n\000\040\000c\000l\000a\000s\000s\000e\000s\000\040\000a\000n\000d\000\040\000i\000n\000t\000e\000r\000s\000e\000c\000t\000i\000o\000n\000\040\000p\000r\000o\000d\000u\000c\000t\000s}{}% 24
\BOOKMARK [1][-]{section.5.1}{\376\377\000C\000h\000e\000r\000n\000\040\000C\000l\000a\000s\000s\000e\000s}{chapter.5}% 25
\BOOKMARK [1][-]{section.5.2}{\376\377\000I\000n\000t\000e\000r\000s\000e\000c\000t\000i\000o\000n\000\040\000P\000r\000o\000d\000u\000c\000t\000s}{chapter.5}% 26
\BOOKMARK [0][-]{chapter.6}{\376\377\000N\000i\000c\000o\000l\000\341\000s\000\040\000\050\000M\000a\000r\000\040\0001\0002\000\051\000:\000\040\000f\000a\000m\000i\000l\000i\000e\000s\000\040\000o\000f\000\040\000a\000l\000g\000e\000b\000r\000a\000i\000c\000\040\000c\000y\000c\000l\000e\000s}{}% 27
\BOOKMARK [1][-]{section.6.1}{\376\377\000I\000n\000t\000r\000o\000d\000u\000c\000t\000i\000o\000n}{chapter.6}% 28
\BOOKMARK [2][-]{subsection.6.1.1}{\376\377\000C\000o\000n\000s\000e\000r\000v\000a\000t\000i\000o\000n\000\040\000o\000f\000\040\000n\000u\000m\000b\000e\000r}{section.6.1}% 29
\BOOKMARK [1][-]{section.6.2}{\376\377\000F\000a\000m\000i\000l\000i\000e\000s\000\040\000o\000f\000\040\000c\000y\000c\000l\000e\000\040\000c\000l\000a\000s\000s\000e\000s}{chapter.6}% 30
\BOOKMARK [2][-]{subsection.6.2.1}{\376\377\000S\000p\000e\000c\000i\000a\000l\000i\000z\000a\000t\000i\000o\000n}{section.6.2}% 31
\BOOKMARK [2][-]{subsection.6.2.2}{\376\377\000S\000a\000m\000p\000l\000e\000\040\000A\000p\000p\000l\000i\000c\000a\000t\000i\000o\000n}{section.6.2}% 32
\BOOKMARK [1][-]{section.6.3}{\376\377\000C\000o\000n\000s\000e\000r\000v\000a\000t\000i\000o\000n\000\040\000o\000f\000\040\000n\000u\000m\000b\000e\000r}{chapter.6}% 33
\BOOKMARK [1][-]{section.6.4}{\376\377\000A\000n\000\040\000e\000n\000u\000m\000e\000r\000a\000t\000i\000v\000e\000\040\000p\000r\000o\000b\000l\000e\000m}{chapter.6}% 34
\BOOKMARK [2][-]{subsection.6.4.1}{\376\377\000A\000\040\000f\000a\000m\000o\000u\000s\000\040\000e\000x\000a\000m\000p\000l\000e}{section.6.4}% 35
\BOOKMARK [0][-]{chapter.7}{\376\377\000P\000a\000t\000r\000i\000c\000k\000\040\000\050\000M\000a\000r\000\040\0001\0009\000\051\000:\000\040\000D\000o\000i\000n\000g\000\040\000I\000t\000a\000l\000i\000a\000n\000-\000s\000t\000y\000l\000e\000\040\000a\000l\000g\000e\000b\000r\000a\000i\000c\000\040\000g\000e\000o\000m\000e\000t\000r\000y\000\040\000r\000i\000g\000o\000r\000o\000u\000s\000l\000y}{}% 36
\BOOKMARK [1][-]{section.7.1}{\376\377\000I\000n\000t\000e\000r\000s\000e\000c\000t\000i\000o\000n\000\040\000m\000u\000l\000t\000i\000p\000l\000i\000c\000i\000t\000i\000e\000s}{chapter.7}% 37
\BOOKMARK [1][-]{section.7.2}{\376\377\000N\000o\000n\000s\000i\000n\000g\000u\000l\000a\000r\000\040\000v\000a\000r\000i\000e\000t\000i\000e\000s}{chapter.7}% 38
\BOOKMARK [1][-]{section.7.3}{\376\377\000B\000\351\000z\000o\000u\000t\000'\000s\000\040\000T\000h\000e\000o\000r\000e\000m}{chapter.7}% 39
\BOOKMARK [0][-]{chapter.8}{\376\377\000M\000o\000r\000e\000n\000a\000\040\000\050\000M\000a\000r\000\040\0002\0006\000\051\000:\000\040\000G\000r\000o\000t\000h\000e\000n\000d\000i\000e\000c\000k\000-\000R\000i\000e\000m\000a\000n\000n\000-\000R\000o\000c\000h}{}% 40
\BOOKMARK [1][-]{section.8.1}{\376\377\000S\000t\000a\000t\000e\000m\000e\000n\000t\000\040\000o\000f\000\040\000t\000h\000e\000\040\000t\000h\000e\000o\000r\000e\000m}{chapter.8}% 41
\BOOKMARK [1][-]{section.8.2}{\376\377\000P\000r\000o\000o\000f\000\040\000f\000o\000r\000\040\000\266\000m\000\040\000p\000t}{chapter.8}% 42
\BOOKMARK [0][-]{chapter.9}{\376\377\000P\000a\000t\000r\000i\000c\000k\000\040\000\050\000A\000p\000r\000\040\0000\0002\000\051\000:\000\040\000F\000i\000n\000e\000\040\000m\000o\000d\000u\000l\000i\000\040\000m\000e\000m\000e\000s\000\040\000f\000o\000r\000\040\0001\000-\000c\000a\000t\000e\000g\000o\000r\000i\000c\000a\000l\000\040\000t\000e\000e\000n\000s}{}% 43
\BOOKMARK [1][-]{section.9.1}{\376\377\000T\000h\000e\000\040\000m\000o\000d\000u\000l\000i\000\040\000s\000p\000a\000c\000e}{chapter.9}% 44
\BOOKMARK [1][-]{section.9.2}{\376\377\000K\000e\000e\000l\000\040\000c\000o\000n\000s\000t\000r\000u\000c\000t\000i\000o\000n\000\040\000o\000f\000\040\000M\0000\000,\000n}{chapter.9}% 45
\BOOKMARK [1][-]{section.9.3}{\376\377\000I\000n\000t\000e\000r\000s\000e\000c\000t\000i\000o\000n\000\040\000t\000h\000e\000o\000r\000y\000\040\000o\000f\000\040\000M\0000\000,\000n}{chapter.9}% 46
\BOOKMARK [1][-]{section.9.4}{\376\377\000I\000n\000t\000e\000r\000s\000e\000c\000t\000i\000o\000n\000\040\000t\000h\000e\000o\000r\000y\000\040\000o\000f\000\040\000r\000e\000g\000u\000l\000a\000r\000\040\000b\000l\000o\000w\000u\000p\000s}{chapter.9}% 47
\BOOKMARK [0][-]{chapter.10}{\376\377\000P\000a\000t\000r\000i\000c\000k\000\040\000\050\000A\000p\000r\000\040\0000\0009\000\051\000:\000\040\000D\000o\000\040\000w\000e\000\040\000e\000v\000e\000n\000\040\000n\000e\000e\000d\000\040\000d\000e\000r\000i\000v\000e\000d\000\040\000c\000a\000t\000e\000g\000o\000r\000i\000e\000s\000?}{}% 48
\BOOKMARK [1][-]{section.10.1}{\376\377\000S\000e\000r\000r\000e\000\040\000f\000o\000r\000m\000u\000l\000a}{chapter.10}% 49
\BOOKMARK [1][-]{section.10.2}{\376\377\000S\000o\000m\000e\000\040\000a\000l\000g\000e\000b\000r\000a}{chapter.10}% 50
\BOOKMARK [1][-]{section.10.3}{\376\377\000C\000o\000m\000p\000u\000t\000i\000n\000g\000\040\000i\000n\000t\000e\000r\000s\000e\000c\000t\000i\000o\000n\000\040\000m\000u\000l\000t\000i\000p\000l\000i\000c\000i\000t\000i\000e\000s\000\040\000w\000i\000t\000h\000o\000u\000t\000\040\000d\000e\000r\000i\000v\000e\000d\000\040\000c\000a\000t\000e\000g\000o\000r\000i\000e\000s}{chapter.10}% 51
\BOOKMARK [0][-]{chapter.11}{\376\377\000C\000a\000l\000e\000b\000\040\000\050\000A\000p\000r\000\040\0001\0006\000\051\000:\000\040\000M\000o\000t\000i\000v\000i\000c\000\040\000c\000o\000h\000o\000m\000o\000l\000o\000g\000y}{}% 52
\BOOKMARK [1][-]{section.11.1}{\376\377\000B\000l\000o\000c\000h\000'\000s\000\040\000h\000i\000g\000h\000e\000r\000\040\000C\000h\000o\000w\000\040\000g\000r\000o\000u\000p\000s}{chapter.11}% 53
\BOOKMARK [2][-]{subsection.11.1.1}{\376\377\000S\000o\000m\000e\000\040\000t\000o\000p\000o\000l\000o\000g\000i\000c\000a\000l\000\040\000m\000o\000t\000i\000v\000a\000t\000i\000o\000n}{section.11.1}% 54
\BOOKMARK [2][-]{subsection.11.1.2}{\376\377\000D\000e\000f\000i\000n\000i\000t\000i\000o\000n}{section.11.1}% 55
\BOOKMARK [2][-]{subsection.11.1.3}{\376\377\000P\000r\000o\000p\000e\000r\000t\000i\000e\000s}{section.11.1}% 56
\BOOKMARK [1][-]{section.11.2}{\376\377\000T\000h\000e\000\040\000c\000a\000t\000e\000g\000o\000r\000y\000\040\000o\000f\000\040\000c\000o\000r\000r\000e\000s\000p\000o\000n\000d\000e\000n\000c\000e\000s}{chapter.11}% 57
\BOOKMARK [2][-]{subsection.11.2.1}{\376\377\000C\000o\000r\000r\000e\000s\000p\000o\000n\000d\000e\000n\000c\000e\000s}{section.11.2}% 58
\BOOKMARK [2][-]{subsection.11.2.2}{\376\377\000T\000h\000e\000\040\000c\000a\000t\000e\000g\000o\000r\000y\000\040\000o\000f\000\040\000c\000o\000r\000r\000e\000s\000p\000o\000n\000d\000e\000n\000c\000e\000s}{section.11.2}% 59
\BOOKMARK [2][-]{subsection.11.2.3}{\376\377\000E\000x\000a\000m\000p\000l\000e\000s}{section.11.2}% 60
\BOOKMARK [1][-]{section.11.3}{\376\377\000P\000r\000e\000s\000h\000e\000a\000v\000e\000s\000\040\000w\000i\000t\000h\000\040\000t\000r\000a\000n\000s\000f\000e\000r\000s}{chapter.11}% 61
\BOOKMARK [2][-]{subsection.11.3.1}{\376\377\000D\000e\000f\000i\000n\000i\000t\000i\000o\000n}{section.11.3}% 62
\BOOKMARK [2][-]{subsection.11.3.2}{\376\377\000E\000x\000a\000m\000p\000l\000e\000s}{section.11.3}% 63
\BOOKMARK [2][-]{subsection.11.3.3}{\376\377\000R\000e\000p\000r\000e\000s\000e\000n\000t\000a\000b\000l\000e\000\040\000f\000u\000n\000c\000t\000o\000r\000s\000\040\000o\000f\000\040\000C\000o\000r\000k\000\050\000X\000\051}{section.11.3}% 64
\BOOKMARK [2][-]{subsection.11.3.4}{\376\377\000H\000o\000m\000o\000t\000o\000p\000y\000\040\000i\000n\000v\000a\000r\000i\000a\000n\000t\000\040\000p\000r\000e\000s\000h\000e\000a\000v\000e\000s}{section.11.3}% 65
\BOOKMARK [1][-]{section.11.4}{\376\377\000M\000o\000t\000i\000v\000i\000c\000\040\000c\000o\000h\000o\000m\000o\000l\000o\000g\000y}{chapter.11}% 66
\BOOKMARK [2][-]{subsection.11.4.1}{\376\377\000T\000h\000e\000\040\000m\000o\000t\000i\000v\000i\000c\000\040\000c\000o\000m\000p\000l\000e\000x}{section.11.4}% 67
\BOOKMARK [2][-]{subsection.11.4.2}{\376\377\000M\000o\000t\000i\000v\000i\000c\000\040\000c\000o\000h\000o\000m\000o\000l\000o\000g\000y\000\040\000g\000r\000o\000u\000p\000s}{section.11.4}% 68
\BOOKMARK [2][-]{subsection.11.4.3}{\376\377\000W\000e\000i\000g\000h\000t\000\040\0001}{section.11.4}% 69
\BOOKMARK [1][-]{section.11.5}{\376\377\000R\000e\000l\000a\000t\000i\000o\000n\000\040\000t\000o\000\040\000o\000t\000h\000e\000r\000\040\000f\000i\000e\000l\000d\000s}{chapter.11}% 70
\BOOKMARK [2][-]{subsection.11.5.1}{\376\377\000A\000l\000g\000e\000b\000r\000a\000i\000c\000\040\000K\000-\000t\000h\000e\000o\000r\000y}{section.11.5}% 71
\BOOKMARK [2][-]{subsection.11.5.2}{\376\377\000M\000o\000t\000i\000v\000e\000s}{section.11.5}% 72
\BOOKMARK [2][-]{subsection.11.5.3}{\376\377\000A\000r\000i\000t\000h\000m\000e\000t\000i\000c\000\040\000g\000e\000o\000m\000e\000t\000r\000y}{section.11.5}% 73
